ARM GAS  C:\Users\iamna\AppData\Local\Temp\ccauD9fz.s 			page 1


   1              		.syntax unified
   2              		.cpu cortex-m3
   3              		.fpu softvfp
   4              		.eabi_attribute 20, 1
   5              		.eabi_attribute 21, 1
   6              		.eabi_attribute 23, 3
   7              		.eabi_attribute 24, 1
   8              		.eabi_attribute 25, 1
   9              		.eabi_attribute 26, 1
  10              		.eabi_attribute 30, 1
  11              		.eabi_attribute 34, 1
  12              		.eabi_attribute 18, 4
  13              		.thumb
  14              		.syntax unified
  15              		.file	"cymetadata.c"
  16              		.text
  17              	.Ltext0:
  18              		.cfi_sections	.debug_frame
  19              		.global	cy_metadata
  20              		.global	cy_meta_flashprotect
  21              		.global	cy_meta_wonvl
  22              		.global	cy_meta_custnvl
  23              		.global	cy_meta_configecc
  24              		.section	.cyconfigecc,"a",%progbits
  25              		.align	2
  26              		.type	cy_meta_configecc, %object
  27              		.size	cy_meta_configecc, 288
  28              	cy_meta_configecc:
  29 0000 01       		.byte	1
  30 0001 45       		.byte	69
  31 0002 00       		.byte	0
  32 0003 40       		.byte	64
  33 0004 01       		.byte	1
  34 0005 52       		.byte	82
  35 0006 00       		.byte	0
  36 0007 40       		.byte	64
  37 0008 01       		.byte	1
  38 0009 64       		.byte	100
  39 000a 00       		.byte	0
  40 000b 40       		.byte	64
  41 000c 01       		.byte	1
  42 000d 03       		.byte	3
  43 000e 01       		.byte	1
  44 000f 40       		.byte	64
  45 0010 02       		.byte	2
  46 0011 0B       		.byte	11
  47 0012 01       		.byte	1
  48 0013 40       		.byte	64
  49 0014 3C       		.byte	60
  50 0015 0C       		.byte	12
  51 0016 01       		.byte	1
  52 0017 40       		.byte	64
  53 0018 1F       		.byte	31
  54 0019 0D       		.byte	13
  55 001a 01       		.byte	1
  56 001b 40       		.byte	64
  57 001c 02       		.byte	2
ARM GAS  C:\Users\iamna\AppData\Local\Temp\ccauD9fz.s 			page 2


  58 001d 40       		.byte	64
  59 001e 01       		.byte	1
  60 001f 40       		.byte	64
  61 0020 03       		.byte	3
  62 0021 41       		.byte	65
  63 0022 01       		.byte	1
  64 0023 40       		.byte	64
  65 0024 02       		.byte	2
  66 0025 45       		.byte	69
  67 0026 01       		.byte	1
  68 0027 40       		.byte	64
  69 0028 01       		.byte	1
  70 0029 46       		.byte	70
  71 002a 01       		.byte	1
  72 002b 40       		.byte	64
  73 002c 02       		.byte	2
  74 002d 50       		.byte	80
  75 002e 01       		.byte	1
  76 002f 40       		.byte	64
  77 0030 01       		.byte	1
  78 0031 51       		.byte	81
  79 0032 01       		.byte	1
  80 0033 40       		.byte	64
  81 0034 12       		.byte	18
  82 0035 02       		.byte	2
  83 0036 11       		.byte	17
  84 0037 01       		.byte	1
  85 0038 8D       		.byte	-115
  86 0039 0D       		.byte	13
  87 003a E6       		.byte	-26
  88 003b 02       		.byte	2
  89 003c AB       		.byte	-85
  90 003d 80       		.byte	-128
  91 003e EC       		.byte	-20
  92 003f 04       		.byte	4
  93 0040 40       		.byte	64
  94 0041 60       		.byte	96
  95 0042 41       		.byte	65
  96 0043 05       		.byte	5
  97 0044 49       		.byte	73
  98 0045 FF       		.byte	-1
  99 0046 4A       		.byte	74
 100 0047 FF       		.byte	-1
 101 0048 4B       		.byte	75
 102 0049 FF       		.byte	-1
 103 004a 4D       		.byte	77
 104 004b A0       		.byte	-96
 105 004c 4F       		.byte	79
 106 004d 04       		.byte	4
 107 004e 50       		.byte	80
 108 004f 18       		.byte	24
 109 0050 5A       		.byte	90
 110 0051 04       		.byte	4
 111 0052 5F       		.byte	95
 112 0053 01       		.byte	1
 113 0054 60       		.byte	96
 114 0055 40       		.byte	64
ARM GAS  C:\Users\iamna\AppData\Local\Temp\ccauD9fz.s 			page 3


 115 0056 62       		.byte	98
 116 0057 C0       		.byte	-64
 117 0058 64       		.byte	100
 118 0059 40       		.byte	64
 119 005a 65       		.byte	101
 120 005b 40       		.byte	64
 121 005c 66       		.byte	102
 122 005d C0       		.byte	-64
 123 005e 68       		.byte	104
 124 005f C0       		.byte	-64
 125 0060 6A       		.byte	106
 126 0061 C0       		.byte	-64
 127 0062 6C       		.byte	108
 128 0063 C0       		.byte	-64
 129 0064 6E       		.byte	110
 130 0065 C0       		.byte	-64
 131 0066 8E       		.byte	-114
 132 0067 02       		.byte	2
 133 0068 92       		.byte	-110
 134 0069 01       		.byte	1
 135 006a 9A       		.byte	-102
 136 006b 06       		.byte	6
 137 006c 9B       		.byte	-101
 138 006d 01       		.byte	1
 139 006e A6       		.byte	-90
 140 006f 0C       		.byte	12
 141 0070 AD       		.byte	-83
 142 0071 01       		.byte	1
 143 0072 B0       		.byte	-80
 144 0073 08       		.byte	8
 145 0074 B2       		.byte	-78
 146 0075 02       		.byte	2
 147 0076 B4       		.byte	-76
 148 0077 01       		.byte	1
 149 0078 B6       		.byte	-74
 150 0079 04       		.byte	4
 151 007a B7       		.byte	-73
 152 007b 01       		.byte	1
 153 007c BE       		.byte	-66
 154 007d 04       		.byte	4
 155 007e C0       		.byte	-64
 156 007f 20       		.byte	32
 157 0080 C1       		.byte	-63
 158 0081 05       		.byte	5
 159 0082 C5       		.byte	-59
 160 0083 D1       		.byte	-47
 161 0084 C7       		.byte	-57
 162 0085 20       		.byte	32
 163 0086 C8       		.byte	-56
 164 0087 23       		.byte	35
 165 0088 C9       		.byte	-55
 166 0089 FF       		.byte	-1
 167 008a CA       		.byte	-54
 168 008b FF       		.byte	-1
 169 008c CB       		.byte	-53
 170 008d FF       		.byte	-1
 171 008e CD       		.byte	-51
ARM GAS  C:\Users\iamna\AppData\Local\Temp\ccauD9fz.s 			page 4


 172 008f AF       		.byte	-81
 173 0090 CE       		.byte	-50
 174 0091 0F       		.byte	15
 175 0092 CF       		.byte	-49
 176 0093 04       		.byte	4
 177 0094 D0       		.byte	-48
 178 0095 18       		.byte	24
 179 0096 D2       		.byte	-46
 180 0097 80       		.byte	-128
 181 0098 D4       		.byte	-44
 182 0099 05       		.byte	5
 183 009a D6       		.byte	-42
 184 009b 04       		.byte	4
 185 009c D8       		.byte	-40
 186 009d 04       		.byte	4
 187 009e D9       		.byte	-39
 188 009f 04       		.byte	4
 189 00a0 DA       		.byte	-38
 190 00a1 04       		.byte	4
 191 00a2 DB       		.byte	-37
 192 00a3 04       		.byte	4
 193 00a4 DF       		.byte	-33
 194 00a5 01       		.byte	1
 195 00a6 E0       		.byte	-32
 196 00a7 40       		.byte	64
 197 00a8 E2       		.byte	-30
 198 00a9 C0       		.byte	-64
 199 00aa E4       		.byte	-28
 200 00ab 40       		.byte	64
 201 00ac E5       		.byte	-27
 202 00ad 40       		.byte	64
 203 00ae E6       		.byte	-26
 204 00af C0       		.byte	-64
 205 00b0 E8       		.byte	-24
 206 00b1 C0       		.byte	-64
 207 00b2 EA       		.byte	-22
 208 00b3 C0       		.byte	-64
 209 00b4 EC       		.byte	-20
 210 00b5 C0       		.byte	-64
 211 00b6 EE       		.byte	-18
 212 00b7 C0       		.byte	-64
 213 00b8 02       		.byte	2
 214 00b9 02       		.byte	2
 215 00ba 09       		.byte	9
 216 00bb 02       		.byte	2
 217 00bc 0A       		.byte	10
 218 00bd 04       		.byte	4
 219 00be 10       		.byte	16
 220 00bf 20       		.byte	32
 221 00c0 19       		.byte	25
 222 00c1 04       		.byte	4
 223 00c2 1A       		.byte	26
 224 00c3 04       		.byte	4
 225 00c4 1B       		.byte	27
 226 00c5 91       		.byte	-111
 227 00c6 22       		.byte	34
 228 00c7 40       		.byte	64
ARM GAS  C:\Users\iamna\AppData\Local\Temp\ccauD9fz.s 			page 5


 229 00c8 2B       		.byte	43
 230 00c9 01       		.byte	1
 231 00ca 30       		.byte	48
 232 00cb 20       		.byte	32
 233 00cc 42       		.byte	66
 234 00cd 04       		.byte	4
 235 00ce 48       		.byte	72
 236 00cf 20       		.byte	32
 237 00d0 49       		.byte	73
 238 00d1 01       		.byte	1
 239 00d2 4A       		.byte	74
 240 00d3 02       		.byte	2
 241 00d4 4E       		.byte	78
 242 00d5 02       		.byte	2
 243 00d6 4F       		.byte	79
 244 00d7 20       		.byte	32
 245 00d8 52       		.byte	82
 246 00d9 02       		.byte	2
 247 00da 59       		.byte	89
 248 00db 05       		.byte	5
 249 00dc 5A       		.byte	90
 250 00dd 80       		.byte	-128
 251 00de 63       		.byte	99
 252 00df 40       		.byte	64
 253 00e0 71       		.byte	113
 254 00e1 02       		.byte	2
 255 00e2 87       		.byte	-121
 256 00e3 40       		.byte	64
 257 00e4 C0       		.byte	-64
 258 00e5 01       		.byte	1
 259 00e6 C2       		.byte	-62
 260 00e7 0A       		.byte	10
 261 00e8 C4       		.byte	-60
 262 00e9 04       		.byte	4
 263 00ea CA       		.byte	-54
 264 00eb 08       		.byte	8
 265 00ec CC       		.byte	-52
 266 00ed 04       		.byte	4
 267 00ee D0       		.byte	-48
 268 00ef 04       		.byte	4
 269 00f0 D2       		.byte	-46
 270 00f1 38       		.byte	56
 271 00f2 D6       		.byte	-42
 272 00f3 0B       		.byte	11
 273 00f4 D8       		.byte	-40
 274 00f5 01       		.byte	1
 275 00f6 32       		.byte	50
 276 00f7 20       		.byte	32
 277 00f8 CC       		.byte	-52
 278 00f9 10       		.byte	16
 279 00fa 86       		.byte	-122
 280 00fb 20       		.byte	32
 281 00fc A6       		.byte	-90
 282 00fd 20       		.byte	32
 283 00fe E6       		.byte	-26
 284 00ff 40       		.byte	64
 285 0100 53       		.byte	83
ARM GAS  C:\Users\iamna\AppData\Local\Temp\ccauD9fz.s 			page 6


 286 0101 01       		.byte	1
 287 0102 D4       		.byte	-44
 288 0103 01       		.byte	1
 289 0104 AB       		.byte	-85
 290 0105 01       		.byte	1
 291 0106 00       		.byte	0
 292 0107 01       		.byte	1
 293 0108 0E       		.byte	14
 294 0109 01       		.byte	1
 295 010a 00       		.byte	0
 296 010b 03       		.byte	3
 297 010c 00       		.byte	0
 298 010d 0B       		.byte	11
 299 010e 0B       		.byte	11
 300 010f 00       		.byte	0
 301 0110 00       		.byte	0
 302 0111 00       		.byte	0
 303 0112 00       		.byte	0
 304 0113 00       		.byte	0
 305 0114 04       		.byte	4
 306 0115 00       		.byte	0
 307 0116 00       		.byte	0
 308 0117 07       		.byte	7
 309 0118 03       		.byte	3
 310 0119 00       		.byte	0
 311 011a 01       		.byte	1
 312 011b 00       		.byte	0
 313 011c 00       		.byte	0
 314 011d 00       		.byte	0
 315 011e 00       		.byte	0
 316 011f 00       		.byte	0
 317              		.section	.cywolatch,"a",%progbits
 318              		.align	2
 319              		.type	cy_meta_wonvl, %object
 320              		.size	cy_meta_wonvl, 4
 321              	cy_meta_wonvl:
 322 0000 BC       		.byte	-68
 323 0001 90       		.byte	-112
 324 0002 AC       		.byte	-84
 325 0003 AF       		.byte	-81
 326              		.section	.cycustnvl,"a",%progbits
 327              		.align	2
 328              		.type	cy_meta_custnvl, %object
 329              		.size	cy_meta_custnvl, 4
 330              	cy_meta_custnvl:
 331 0000 30       		.byte	48
 332 0001 00       		.byte	0
 333 0002 40       		.byte	64
 334 0003 05       		.byte	5
 335              		.section	.cymeta,"a",%progbits
 336              		.align	2
 337              		.type	cy_metadata, %object
 338              		.size	cy_metadata, 12
 339              	cy_metadata:
 340 0000 00       		.byte	0
 341 0001 01       		.byte	1
 342 0002 2E       		.byte	46
ARM GAS  C:\Users\iamna\AppData\Local\Temp\ccauD9fz.s 			page 7


 343 0003 16       		.byte	22
 344 0004 10       		.byte	16
 345 0005 69       		.byte	105
 346 0006 00       		.byte	0
 347 0007 01       		.byte	1
 348 0008 00       		.byte	0
 349 0009 00       		.byte	0
 350 000a 00       		.byte	0
 351 000b 00       		.byte	0
 352              		.section	.cyflashprotect,"a",%progbits
 353              		.align	2
 354              		.type	cy_meta_flashprotect, %object
 355              		.size	cy_meta_flashprotect, 256
 356              	cy_meta_flashprotect:
 357 0000 00000000 		.space	256
 357      00000000 
 357      00000000 
 357      00000000 
 357      00000000 
 358              		.text
 359              	.Letext0:
 360              		.file 1 "c:\\program files (x86)\\cypress\\psoc creator\\4.4\\psoc creator\\import\\gnu\\arm\\5.4.
 361              		.file 2 "c:\\program files (x86)\\cypress\\psoc creator\\4.4\\psoc creator\\import\\gnu\\arm\\5.4.
 362              		.file 3 "Generated_Source\\PSoC5\\cymetadata.c"
 363              		.section	.debug_info,"",%progbits
 364              	.Ldebug_info0:
 365 0000 31010000 		.4byte	0x131
 366 0004 0400     		.2byte	0x4
 367 0006 00000000 		.4byte	.Ldebug_abbrev0
 368 000a 04       		.byte	0x4
 369 000b 01       		.uleb128 0x1
 370 000c 3B000000 		.4byte	.LASF17
 371 0010 0C       		.byte	0xc
 372 0011 CA010000 		.4byte	.LASF18
 373 0015 1D010000 		.4byte	.LASF19
 374 0019 00000000 		.4byte	.Ldebug_line0
 375 001d 02       		.uleb128 0x2
 376 001e 01       		.byte	0x1
 377 001f 06       		.byte	0x6
 378 0020 BE010000 		.4byte	.LASF0
 379 0024 03       		.uleb128 0x3
 380 0025 00000000 		.4byte	.LASF9
 381 0029 01       		.byte	0x1
 382 002a 1D       		.byte	0x1d
 383 002b 2F000000 		.4byte	0x2f
 384 002f 02       		.uleb128 0x2
 385 0030 01       		.byte	0x1
 386 0031 08       		.byte	0x8
 387 0032 2D000000 		.4byte	.LASF1
 388 0036 02       		.uleb128 0x2
 389 0037 02       		.byte	0x2
 390 0038 05       		.byte	0x5
 391 0039 AB010000 		.4byte	.LASF2
 392 003d 02       		.uleb128 0x2
 393 003e 02       		.byte	0x2
 394 003f 07       		.byte	0x7
 395 0040 DB000000 		.4byte	.LASF3
ARM GAS  C:\Users\iamna\AppData\Local\Temp\ccauD9fz.s 			page 8


 396 0044 02       		.uleb128 0x2
 397 0045 04       		.byte	0x4
 398 0046 05       		.byte	0x5
 399 0047 B5010000 		.4byte	.LASF4
 400 004b 02       		.uleb128 0x2
 401 004c 04       		.byte	0x4
 402 004d 07       		.byte	0x7
 403 004e C9000000 		.4byte	.LASF5
 404 0052 02       		.uleb128 0x2
 405 0053 08       		.byte	0x8
 406 0054 05       		.byte	0x5
 407 0055 9D010000 		.4byte	.LASF6
 408 0059 02       		.uleb128 0x2
 409 005a 08       		.byte	0x8
 410 005b 07       		.byte	0x7
 411 005c 16000000 		.4byte	.LASF7
 412 0060 04       		.uleb128 0x4
 413 0061 04       		.byte	0x4
 414 0062 05       		.byte	0x5
 415 0063 696E7400 		.ascii	"int\000"
 416 0067 02       		.uleb128 0x2
 417 0068 04       		.byte	0x4
 418 0069 07       		.byte	0x7
 419 006a 10010000 		.4byte	.LASF8
 420 006e 03       		.uleb128 0x3
 421 006f 69010000 		.4byte	.LASF10
 422 0073 02       		.byte	0x2
 423 0074 18       		.byte	0x18
 424 0075 24000000 		.4byte	0x24
 425 0079 05       		.uleb128 0x5
 426 007a 91000000 		.4byte	0x91
 427 007e 8A000000 		.4byte	0x8a
 428 0082 06       		.uleb128 0x6
 429 0083 8A000000 		.4byte	0x8a
 430 0087 1F01     		.2byte	0x11f
 431 0089 00       		.byte	0
 432 008a 02       		.uleb128 0x2
 433 008b 04       		.byte	0x4
 434 008c 07       		.byte	0x7
 435 008d 94010000 		.4byte	.LASF11
 436 0091 07       		.uleb128 0x7
 437 0092 6E000000 		.4byte	0x6e
 438 0096 08       		.uleb128 0x8
 439 0097 FE000000 		.4byte	.LASF12
 440 009b 03       		.byte	0x3
 441 009c 1F       		.byte	0x1f
 442 009d A7000000 		.4byte	0xa7
 443 00a1 05       		.uleb128 0x5
 444 00a2 03       		.byte	0x3
 445 00a3 00000000 		.4byte	cy_meta_configecc
 446 00a7 07       		.uleb128 0x7
 447 00a8 79000000 		.4byte	0x79
 448 00ac 05       		.uleb128 0x5
 449 00ad 91000000 		.4byte	0x91
 450 00b1 BC000000 		.4byte	0xbc
 451 00b5 09       		.uleb128 0x9
 452 00b6 8A000000 		.4byte	0x8a
ARM GAS  C:\Users\iamna\AppData\Local\Temp\ccauD9fz.s 			page 9


 453 00ba 03       		.byte	0x3
 454 00bb 00       		.byte	0
 455 00bc 08       		.uleb128 0x8
 456 00bd EE000000 		.4byte	.LASF13
 457 00c1 03       		.byte	0x3
 458 00c2 50       		.byte	0x50
 459 00c3 CD000000 		.4byte	0xcd
 460 00c7 05       		.uleb128 0x5
 461 00c8 03       		.byte	0x3
 462 00c9 00000000 		.4byte	cy_meta_custnvl
 463 00cd 07       		.uleb128 0x7
 464 00ce AC000000 		.4byte	0xac
 465 00d2 08       		.uleb128 0x8
 466 00d3 86010000 		.4byte	.LASF14
 467 00d7 03       		.byte	0x3
 468 00d8 5E       		.byte	0x5e
 469 00d9 E3000000 		.4byte	0xe3
 470 00dd 05       		.uleb128 0x5
 471 00de 03       		.byte	0x3
 472 00df 00000000 		.4byte	cy_meta_wonvl
 473 00e3 07       		.uleb128 0x7
 474 00e4 AC000000 		.4byte	0xac
 475 00e8 05       		.uleb128 0x5
 476 00e9 91000000 		.4byte	0x91
 477 00ed F8000000 		.4byte	0xf8
 478 00f1 09       		.uleb128 0x9
 479 00f2 8A000000 		.4byte	0x8a
 480 00f6 FF       		.byte	0xff
 481 00f7 00       		.byte	0
 482 00f8 08       		.uleb128 0x8
 483 00f9 71010000 		.4byte	.LASF15
 484 00fd 03       		.byte	0x3
 485 00fe 6C       		.byte	0x6c
 486 00ff 09010000 		.4byte	0x109
 487 0103 05       		.uleb128 0x5
 488 0104 03       		.byte	0x3
 489 0105 00000000 		.4byte	cy_meta_flashprotect
 490 0109 07       		.uleb128 0x7
 491 010a E8000000 		.4byte	0xe8
 492 010e 05       		.uleb128 0x5
 493 010f 91000000 		.4byte	0x91
 494 0113 1E010000 		.4byte	0x11e
 495 0117 09       		.uleb128 0x9
 496 0118 8A000000 		.4byte	0x8a
 497 011c 0B       		.byte	0xb
 498 011d 00       		.byte	0
 499 011e 08       		.uleb128 0x8
 500 011f 0A000000 		.4byte	.LASF16
 501 0123 03       		.byte	0x3
 502 0124 99       		.byte	0x99
 503 0125 2F010000 		.4byte	0x12f
 504 0129 05       		.uleb128 0x5
 505 012a 03       		.byte	0x3
 506 012b 00000000 		.4byte	cy_metadata
 507 012f 07       		.uleb128 0x7
 508 0130 0E010000 		.4byte	0x10e
 509 0134 00       		.byte	0
ARM GAS  C:\Users\iamna\AppData\Local\Temp\ccauD9fz.s 			page 10


 510              		.section	.debug_abbrev,"",%progbits
 511              	.Ldebug_abbrev0:
 512 0000 01       		.uleb128 0x1
 513 0001 11       		.uleb128 0x11
 514 0002 01       		.byte	0x1
 515 0003 25       		.uleb128 0x25
 516 0004 0E       		.uleb128 0xe
 517 0005 13       		.uleb128 0x13
 518 0006 0B       		.uleb128 0xb
 519 0007 03       		.uleb128 0x3
 520 0008 0E       		.uleb128 0xe
 521 0009 1B       		.uleb128 0x1b
 522 000a 0E       		.uleb128 0xe
 523 000b 10       		.uleb128 0x10
 524 000c 17       		.uleb128 0x17
 525 000d 00       		.byte	0
 526 000e 00       		.byte	0
 527 000f 02       		.uleb128 0x2
 528 0010 24       		.uleb128 0x24
 529 0011 00       		.byte	0
 530 0012 0B       		.uleb128 0xb
 531 0013 0B       		.uleb128 0xb
 532 0014 3E       		.uleb128 0x3e
 533 0015 0B       		.uleb128 0xb
 534 0016 03       		.uleb128 0x3
 535 0017 0E       		.uleb128 0xe
 536 0018 00       		.byte	0
 537 0019 00       		.byte	0
 538 001a 03       		.uleb128 0x3
 539 001b 16       		.uleb128 0x16
 540 001c 00       		.byte	0
 541 001d 03       		.uleb128 0x3
 542 001e 0E       		.uleb128 0xe
 543 001f 3A       		.uleb128 0x3a
 544 0020 0B       		.uleb128 0xb
 545 0021 3B       		.uleb128 0x3b
 546 0022 0B       		.uleb128 0xb
 547 0023 49       		.uleb128 0x49
 548 0024 13       		.uleb128 0x13
 549 0025 00       		.byte	0
 550 0026 00       		.byte	0
 551 0027 04       		.uleb128 0x4
 552 0028 24       		.uleb128 0x24
 553 0029 00       		.byte	0
 554 002a 0B       		.uleb128 0xb
 555 002b 0B       		.uleb128 0xb
 556 002c 3E       		.uleb128 0x3e
 557 002d 0B       		.uleb128 0xb
 558 002e 03       		.uleb128 0x3
 559 002f 08       		.uleb128 0x8
 560 0030 00       		.byte	0
 561 0031 00       		.byte	0
 562 0032 05       		.uleb128 0x5
 563 0033 01       		.uleb128 0x1
 564 0034 01       		.byte	0x1
 565 0035 49       		.uleb128 0x49
 566 0036 13       		.uleb128 0x13
ARM GAS  C:\Users\iamna\AppData\Local\Temp\ccauD9fz.s 			page 11


 567 0037 01       		.uleb128 0x1
 568 0038 13       		.uleb128 0x13
 569 0039 00       		.byte	0
 570 003a 00       		.byte	0
 571 003b 06       		.uleb128 0x6
 572 003c 21       		.uleb128 0x21
 573 003d 00       		.byte	0
 574 003e 49       		.uleb128 0x49
 575 003f 13       		.uleb128 0x13
 576 0040 2F       		.uleb128 0x2f
 577 0041 05       		.uleb128 0x5
 578 0042 00       		.byte	0
 579 0043 00       		.byte	0
 580 0044 07       		.uleb128 0x7
 581 0045 26       		.uleb128 0x26
 582 0046 00       		.byte	0
 583 0047 49       		.uleb128 0x49
 584 0048 13       		.uleb128 0x13
 585 0049 00       		.byte	0
 586 004a 00       		.byte	0
 587 004b 08       		.uleb128 0x8
 588 004c 34       		.uleb128 0x34
 589 004d 00       		.byte	0
 590 004e 03       		.uleb128 0x3
 591 004f 0E       		.uleb128 0xe
 592 0050 3A       		.uleb128 0x3a
 593 0051 0B       		.uleb128 0xb
 594 0052 3B       		.uleb128 0x3b
 595 0053 0B       		.uleb128 0xb
 596 0054 49       		.uleb128 0x49
 597 0055 13       		.uleb128 0x13
 598 0056 3F       		.uleb128 0x3f
 599 0057 19       		.uleb128 0x19
 600 0058 02       		.uleb128 0x2
 601 0059 18       		.uleb128 0x18
 602 005a 00       		.byte	0
 603 005b 00       		.byte	0
 604 005c 09       		.uleb128 0x9
 605 005d 21       		.uleb128 0x21
 606 005e 00       		.byte	0
 607 005f 49       		.uleb128 0x49
 608 0060 13       		.uleb128 0x13
 609 0061 2F       		.uleb128 0x2f
 610 0062 0B       		.uleb128 0xb
 611 0063 00       		.byte	0
 612 0064 00       		.byte	0
 613 0065 00       		.byte	0
 614              		.section	.debug_aranges,"",%progbits
 615 0000 14000000 		.4byte	0x14
 616 0004 0200     		.2byte	0x2
 617 0006 00000000 		.4byte	.Ldebug_info0
 618 000a 04       		.byte	0x4
 619 000b 00       		.byte	0
 620 000c 0000     		.2byte	0
 621 000e 0000     		.2byte	0
 622 0010 00000000 		.4byte	0
 623 0014 00000000 		.4byte	0
ARM GAS  C:\Users\iamna\AppData\Local\Temp\ccauD9fz.s 			page 12


 624              		.section	.debug_line,"",%progbits
 625              	.Ldebug_line0:
 626 0000 3D010000 		.section	.debug_str,"MS",%progbits,1
 626      02003701 
 626      00000201 
 626      FB0E0D00 
 626      01010101 
 627              	.LASF9:
 628 0000 5F5F7569 		.ascii	"__uint8_t\000"
 628      6E74385F 
 628      7400
 629              	.LASF16:
 630 000a 63795F6D 		.ascii	"cy_metadata\000"
 630      65746164 
 630      61746100 
 631              	.LASF7:
 632 0016 6C6F6E67 		.ascii	"long long unsigned int\000"
 632      206C6F6E 
 632      6720756E 
 632      7369676E 
 632      65642069 
 633              	.LASF1:
 634 002d 756E7369 		.ascii	"unsigned char\000"
 634      676E6564 
 634      20636861 
 634      7200
 635              	.LASF17:
 636 003b 474E5520 		.ascii	"GNU C11 5.4.1 20160609 (release) [ARM/embedded-5-br"
 636      43313120 
 636      352E342E 
 636      31203230 
 636      31363036 
 637 006e 616E6368 		.ascii	"anch revision 237715] -mcpu=cortex-m3 -mthumb -g -O"
 637      20726576 
 637      6973696F 
 637      6E203233 
 637      37373135 
 638 00a1 67202D66 		.ascii	"g -ffunction-sections -ffat-lto-objects\000"
 638      66756E63 
 638      74696F6E 
 638      2D736563 
 638      74696F6E 
 639              	.LASF5:
 640 00c9 6C6F6E67 		.ascii	"long unsigned int\000"
 640      20756E73 
 640      69676E65 
 640      6420696E 
 640      7400
 641              	.LASF3:
 642 00db 73686F72 		.ascii	"short unsigned int\000"
 642      7420756E 
 642      7369676E 
 642      65642069 
 642      6E7400
 643              	.LASF13:
 644 00ee 63795F6D 		.ascii	"cy_meta_custnvl\000"
 644      6574615F 
ARM GAS  C:\Users\iamna\AppData\Local\Temp\ccauD9fz.s 			page 13


 644      63757374 
 644      6E766C00 
 645              	.LASF12:
 646 00fe 63795F6D 		.ascii	"cy_meta_configecc\000"
 646      6574615F 
 646      636F6E66 
 646      69676563 
 646      6300
 647              	.LASF8:
 648 0110 756E7369 		.ascii	"unsigned int\000"
 648      676E6564 
 648      20696E74 
 648      00
 649              	.LASF19:
 650 011d 433A5C55 		.ascii	"C:\\Users\\iamna\\Documents\\PSoC Creator\\nadimaPS"
 650      73657273 
 650      5C69616D 
 650      6E615C44 
 650      6F63756D 
 651 014b 6F435365 		.ascii	"oCServo\\nadimaPSoCServo.cydsn\000"
 651      72766F5C 
 651      6E616469 
 651      6D615053 
 651      6F435365 
 652              	.LASF10:
 653 0169 75696E74 		.ascii	"uint8_t\000"
 653      385F7400 
 654              	.LASF15:
 655 0171 63795F6D 		.ascii	"cy_meta_flashprotect\000"
 655      6574615F 
 655      666C6173 
 655      6870726F 
 655      74656374 
 656              	.LASF14:
 657 0186 63795F6D 		.ascii	"cy_meta_wonvl\000"
 657      6574615F 
 657      776F6E76 
 657      6C00
 658              	.LASF11:
 659 0194 73697A65 		.ascii	"sizetype\000"
 659      74797065 
 659      00
 660              	.LASF6:
 661 019d 6C6F6E67 		.ascii	"long long int\000"
 661      206C6F6E 
 661      6720696E 
 661      7400
 662              	.LASF2:
 663 01ab 73686F72 		.ascii	"short int\000"
 663      7420696E 
 663      7400
 664              	.LASF4:
 665 01b5 6C6F6E67 		.ascii	"long int\000"
 665      20696E74 
 665      00
 666              	.LASF0:
 667 01be 7369676E 		.ascii	"signed char\000"
ARM GAS  C:\Users\iamna\AppData\Local\Temp\ccauD9fz.s 			page 14


 667      65642063 
 667      68617200 
 668              	.LASF18:
 669 01ca 47656E65 		.ascii	"Generated_Source\\PSoC5\\cymetadata.c\000"
 669      72617465 
 669      645F536F 
 669      75726365 
 669      5C50536F 
 670              		.ident	"GCC: (GNU Tools for ARM Embedded Processors) 5.4.1 20160609 (release) [ARM/embedded-5-bran
