ARM GAS  C:\Users\iamna\AppData\Local\Temp\ccrt8RCs.s 			page 1


   1              		.syntax unified
   2              		.cpu cortex-m3
   3              		.fpu softvfp
   4              		.eabi_attribute 20, 1
   5              		.eabi_attribute 21, 1
   6              		.eabi_attribute 23, 3
   7              		.eabi_attribute 24, 1
   8              		.eabi_attribute 25, 1
   9              		.eabi_attribute 26, 1
  10              		.eabi_attribute 30, 1
  11              		.eabi_attribute 34, 1
  12              		.eabi_attribute 18, 4
  13              		.thumb
  14              		.syntax unified
  15              		.file	"cymetadata.c"
  16              		.text
  17              	.Ltext0:
  18              		.cfi_sections	.debug_frame
  19              		.global	cy_metadata
  20              		.global	cy_meta_flashprotect
  21              		.global	cy_meta_wonvl
  22              		.global	cy_meta_custnvl
  23              		.global	cy_meta_configecc
  24              		.section	.cyconfigecc,"a",%progbits
  25              		.align	2
  26              		.type	cy_meta_configecc, %object
  27              		.size	cy_meta_configecc, 748
  28              	cy_meta_configecc:
  29 0000 02       		.byte	2
  30 0001 52       		.byte	82
  31 0002 00       		.byte	0
  32 0003 40       		.byte	64
  33 0004 03       		.byte	3
  34 0005 65       		.byte	101
  35 0006 00       		.byte	0
  36 0007 40       		.byte	64
  37 0008 12       		.byte	18
  38 0009 18       		.byte	24
  39 000a 01       		.byte	1
  40 000b 40       		.byte	64
  41 000c 3F       		.byte	63
  42 000d 19       		.byte	25
  43 000e 01       		.byte	1
  44 000f 40       		.byte	64
  45 0010 65       		.byte	101
  46 0011 1A       		.byte	26
  47 0012 01       		.byte	1
  48 0013 40       		.byte	64
  49 0014 4E       		.byte	78
  50 0015 1B       		.byte	27
  51 0016 01       		.byte	1
  52 0017 40       		.byte	64
  53 0018 01       		.byte	1
  54 0019 4C       		.byte	76
  55 001a 01       		.byte	1
  56 001b 40       		.byte	64
  57 001c 07       		.byte	7
ARM GAS  C:\Users\iamna\AppData\Local\Temp\ccrt8RCs.s 			page 2


  58 001d 4D       		.byte	77
  59 001e 01       		.byte	1
  60 001f 40       		.byte	64
  61 0020 02       		.byte	2
  62 0021 50       		.byte	80
  63 0022 01       		.byte	1
  64 0023 40       		.byte	64
  65 0024 61       		.byte	97
  66 0025 80       		.byte	-128
  67 0026 64       		.byte	100
  68 0027 40       		.byte	64
  69 0028 88       		.byte	-120
  70 0029 72       		.byte	114
  71 002a 89       		.byte	-119
  72 002b 38       		.byte	56
  73 002c 8B       		.byte	-117
  74 002d 0F       		.byte	15
  75 002e 82       		.byte	-126
  76 002f 04       		.byte	4
  77 0030 86       		.byte	-122
  78 0031 04       		.byte	4
  79 0032 88       		.byte	-120
  80 0033 02       		.byte	2
  81 0034 95       		.byte	-107
  82 0035 01       		.byte	1
  83 0036 9A       		.byte	-102
  84 0037 01       		.byte	1
  85 0038 A6       		.byte	-90
  86 0039 01       		.byte	1
  87 003a B2       		.byte	-78
  88 003b 01       		.byte	1
  89 003c B4       		.byte	-76
  90 003d 04       		.byte	4
  91 003e B5       		.byte	-75
  92 003f 01       		.byte	1
  93 0040 B6       		.byte	-74
  94 0041 02       		.byte	2
  95 0042 BA       		.byte	-70
  96 0043 02       		.byte	2
  97 0044 BE       		.byte	-66
  98 0045 54       		.byte	84
  99 0046 BF       		.byte	-65
 100 0047 10       		.byte	16
 101 0048 D4       		.byte	-44
 102 0049 18       		.byte	24
 103 004a D8       		.byte	-40
 104 004b 04       		.byte	4
 105 004c D9       		.byte	-39
 106 004d 04       		.byte	4
 107 004e DB       		.byte	-37
 108 004f 04       		.byte	4
 109 0050 DF       		.byte	-33
 110 0051 01       		.byte	1
 111 0052 00       		.byte	0
 112 0053 02       		.byte	2
 113 0054 01       		.byte	1
 114 0055 20       		.byte	32
ARM GAS  C:\Users\iamna\AppData\Local\Temp\ccrt8RCs.s 			page 3


 115 0056 03       		.byte	3
 116 0057 20       		.byte	32
 117 0058 05       		.byte	5
 118 0059 81       		.byte	-127
 119 005a 06       		.byte	6
 120 005b 44       		.byte	68
 121 005c 07       		.byte	7
 122 005d 10       		.byte	16
 123 005e 09       		.byte	9
 124 005f 20       		.byte	32
 125 0060 0C       		.byte	12
 126 0061 80       		.byte	-128
 127 0062 0D       		.byte	13
 128 0063 08       		.byte	8
 129 0064 0E       		.byte	14
 130 0065 48       		.byte	72
 131 0066 0F       		.byte	15
 132 0067 22       		.byte	34
 133 0068 11       		.byte	17
 134 0069 08       		.byte	8
 135 006a 16       		.byte	22
 136 006b 02       		.byte	2
 137 006c 17       		.byte	23
 138 006d 24       		.byte	36
 139 006e 19       		.byte	25
 140 006f 19       		.byte	25
 141 0070 1A       		.byte	26
 142 0071 01       		.byte	1
 143 0072 1C       		.byte	28
 144 0073 02       		.byte	2
 145 0074 1D       		.byte	29
 146 0075 08       		.byte	8
 147 0076 1E       		.byte	30
 148 0077 44       		.byte	68
 149 0078 23       		.byte	35
 150 0079 04       		.byte	4
 151 007a 24       		.byte	36
 152 007b 08       		.byte	8
 153 007c 25       		.byte	37
 154 007d 20       		.byte	32
 155 007e 27       		.byte	39
 156 007f 11       		.byte	17
 157 0080 2C       		.byte	44
 158 0081 01       		.byte	1
 159 0082 2D       		.byte	45
 160 0083 84       		.byte	-124
 161 0084 2E       		.byte	46
 162 0085 02       		.byte	2
 163 0086 2F       		.byte	47
 164 0087 08       		.byte	8
 165 0088 30       		.byte	48
 166 0089 08       		.byte	8
 167 008a 34       		.byte	52
 168 008b 80       		.byte	-128
 169 008c 35       		.byte	53
 170 008d 01       		.byte	1
 171 008e 36       		.byte	54
ARM GAS  C:\Users\iamna\AppData\Local\Temp\ccrt8RCs.s 			page 4


 172 008f 04       		.byte	4
 173 0090 37       		.byte	55
 174 0091 10       		.byte	16
 175 0092 39       		.byte	57
 176 0093 04       		.byte	4
 177 0094 3A       		.byte	58
 178 0095 04       		.byte	4
 179 0096 3E       		.byte	62
 180 0097 68       		.byte	104
 181 0098 3F       		.byte	63
 182 0099 02       		.byte	2
 183 009a 45       		.byte	69
 184 009b 18       		.byte	24
 185 009c 46       		.byte	70
 186 009d 44       		.byte	68
 187 009e 47       		.byte	71
 188 009f 40       		.byte	64
 189 00a0 4C       		.byte	76
 190 00a1 04       		.byte	4
 191 00a2 55       		.byte	85
 192 00a3 04       		.byte	4
 193 00a4 57       		.byte	87
 194 00a5 20       		.byte	32
 195 00a6 5B       		.byte	91
 196 00a7 01       		.byte	1
 197 00a8 5E       		.byte	94
 198 00a9 04       		.byte	4
 199 00aa 61       		.byte	97
 200 00ab 50       		.byte	80
 201 00ac 6C       		.byte	108
 202 00ad 20       		.byte	32
 203 00ae 6D       		.byte	109
 204 00af 80       		.byte	-128
 205 00b0 6E       		.byte	110
 206 00b1 10       		.byte	16
 207 00b2 74       		.byte	116
 208 00b3 80       		.byte	-128
 209 00b4 76       		.byte	118
 210 00b5 28       		.byte	40
 211 00b6 77       		.byte	119
 212 00b7 24       		.byte	36
 213 00b8 86       		.byte	-122
 214 00b9 01       		.byte	1
 215 00ba C0       		.byte	-64
 216 00bb FE       		.byte	-2
 217 00bc C2       		.byte	-62
 218 00bd F2       		.byte	-14
 219 00be C4       		.byte	-60
 220 00bf E4       		.byte	-28
 221 00c0 CA       		.byte	-54
 222 00c1 F0       		.byte	-16
 223 00c2 CC       		.byte	-52
 224 00c3 F2       		.byte	-14
 225 00c4 CE       		.byte	-50
 226 00c5 F0       		.byte	-16
 227 00c6 D0       		.byte	-48
 228 00c7 F0       		.byte	-16
ARM GAS  C:\Users\iamna\AppData\Local\Temp\ccrt8RCs.s 			page 5


 229 00c8 D2       		.byte	-46
 230 00c9 20       		.byte	32
 231 00ca D6       		.byte	-42
 232 00cb 41       		.byte	65
 233 00cc D8       		.byte	-40
 234 00cd 0C       		.byte	12
 235 00ce E0       		.byte	-32
 236 00cf 08       		.byte	8
 237 00d0 00       		.byte	0
 238 00d1 10       		.byte	16
 239 00d2 02       		.byte	2
 240 00d3 40       		.byte	64
 241 00d4 04       		.byte	4
 242 00d5 10       		.byte	16
 243 00d6 05       		.byte	5
 244 00d7 80       		.byte	-128
 245 00d8 06       		.byte	6
 246 00d9 AC       		.byte	-84
 247 00da 07       		.byte	7
 248 00db 13       		.byte	19
 249 00dc 0A       		.byte	10
 250 00dd 03       		.byte	3
 251 00de 0C       		.byte	12
 252 00df 0C       		.byte	12
 253 00e0 0E       		.byte	14
 254 00e1 71       		.byte	113
 255 00e2 0F       		.byte	15
 256 00e3 0C       		.byte	12
 257 00e4 14       		.byte	20
 258 00e5 14       		.byte	20
 259 00e6 15       		.byte	21
 260 00e7 2C       		.byte	44
 261 00e8 17       		.byte	23
 262 00e9 43       		.byte	67
 263 00ea 19       		.byte	25
 264 00eb 71       		.byte	113
 265 00ec 1B       		.byte	27
 266 00ed 06       		.byte	6
 267 00ee 1C       		.byte	28
 268 00ef 09       		.byte	9
 269 00f0 1E       		.byte	30
 270 00f1 D0       		.byte	-48
 271 00f2 1F       		.byte	31
 272 00f3 08       		.byte	8
 273 00f4 21       		.byte	33
 274 00f5 71       		.byte	113
 275 00f6 23       		.byte	35
 276 00f7 0E       		.byte	14
 277 00f8 26       		.byte	38
 278 00f9 20       		.byte	32
 279 00fa 28       		.byte	40
 280 00fb DC       		.byte	-36
 281 00fc 2A       		.byte	42
 282 00fd 22       		.byte	34
 283 00fe 30       		.byte	48
 284 00ff E0       		.byte	-32
 285 0100 31       		.byte	49
ARM GAS  C:\Users\iamna\AppData\Local\Temp\ccrt8RCs.s 			page 6


 286 0101 C0       		.byte	-64
 287 0102 33       		.byte	51
 288 0103 0F       		.byte	15
 289 0104 34       		.byte	52
 290 0105 1F       		.byte	31
 291 0106 35       		.byte	53
 292 0107 30       		.byte	48
 293 0108 39       		.byte	57
 294 0109 22       		.byte	34
 295 010a 3A       		.byte	58
 296 010b 02       		.byte	2
 297 010c 3B       		.byte	59
 298 010d 08       		.byte	8
 299 010e 3F       		.byte	63
 300 010f 10       		.byte	16
 301 0110 40       		.byte	64
 302 0111 02       		.byte	2
 303 0112 45       		.byte	69
 304 0113 40       		.byte	64
 305 0114 49       		.byte	73
 306 0115 FF       		.byte	-1
 307 0116 4A       		.byte	74
 308 0117 07       		.byte	7
 309 0118 4B       		.byte	75
 310 0119 FF       		.byte	-1
 311 011a 4C       		.byte	76
 312 011b 40       		.byte	64
 313 011c 4D       		.byte	77
 314 011d 20       		.byte	32
 315 011e 4E       		.byte	78
 316 011f F0       		.byte	-16
 317 0120 4F       		.byte	79
 318 0121 05       		.byte	5
 319 0122 50       		.byte	80
 320 0123 08       		.byte	8
 321 0124 58       		.byte	88
 322 0125 04       		.byte	4
 323 0126 59       		.byte	89
 324 0127 04       		.byte	4
 325 0128 5A       		.byte	90
 326 0129 04       		.byte	4
 327 012a 5F       		.byte	95
 328 012b 01       		.byte	1
 329 012c 60       		.byte	96
 330 012d 40       		.byte	64
 331 012e 61       		.byte	97
 332 012f A8       		.byte	-88
 333 0130 62       		.byte	98
 334 0131 40       		.byte	64
 335 0132 63       		.byte	99
 336 0133 20       		.byte	32
 337 0134 80       		.byte	-128
 338 0135 13       		.byte	19
 339 0136 81       		.byte	-127
 340 0137 48       		.byte	72
 341 0138 82       		.byte	-126
 342 0139 04       		.byte	4
ARM GAS  C:\Users\iamna\AppData\Local\Temp\ccrt8RCs.s 			page 7


 343 013a 83       		.byte	-125
 344 013b 34       		.byte	52
 345 013c 84       		.byte	-124
 346 013d 0A       		.byte	10
 347 013e 86       		.byte	-122
 348 013f 14       		.byte	20
 349 0140 88       		.byte	-120
 350 0141 13       		.byte	19
 351 0142 89       		.byte	-119
 352 0143 F9       		.byte	-7
 353 0144 8A       		.byte	-118
 354 0145 0C       		.byte	12
 355 0146 8D       		.byte	-115
 356 0147 01       		.byte	1
 357 0148 8E       		.byte	-114
 358 0149 08       		.byte	8
 359 014a 90       		.byte	-112
 360 014b 03       		.byte	3
 361 014c 91       		.byte	-111
 362 014d 90       		.byte	-112
 363 014e 92       		.byte	-110
 364 014f 14       		.byte	20
 365 0150 93       		.byte	-109
 366 0151 2C       		.byte	44
 367 0152 95       		.byte	-107
 368 0153 20       		.byte	32
 369 0154 97       		.byte	-105
 370 0155 C2       		.byte	-62
 371 0156 A5       		.byte	-91
 372 0157 F9       		.byte	-7
 373 0158 AA       		.byte	-86
 374 0159 15       		.byte	21
 375 015a AE       		.byte	-82
 376 015b 20       		.byte	32
 377 015c B0       		.byte	-80
 378 015d 10       		.byte	16
 379 015e B1       		.byte	-79
 380 015f 06       		.byte	6
 381 0160 B2       		.byte	-78
 382 0161 20       		.byte	32
 383 0162 B3       		.byte	-77
 384 0163 E0       		.byte	-32
 385 0164 B4       		.byte	-76
 386 0165 0F       		.byte	15
 387 0166 B5       		.byte	-75
 388 0167 01       		.byte	1
 389 0168 B7       		.byte	-73
 390 0169 18       		.byte	24
 391 016a BA       		.byte	-70
 392 016b 20       		.byte	32
 393 016c BE       		.byte	-66
 394 016d 01       		.byte	1
 395 016e BF       		.byte	-65
 396 016f 01       		.byte	1
 397 0170 C0       		.byte	-64
 398 0171 26       		.byte	38
 399 0172 C1       		.byte	-63
ARM GAS  C:\Users\iamna\AppData\Local\Temp\ccrt8RCs.s 			page 8


 400 0173 01       		.byte	1
 401 0174 C5       		.byte	-59
 402 0175 0B       		.byte	11
 403 0176 C6       		.byte	-58
 404 0177 0C       		.byte	12
 405 0178 C7       		.byte	-57
 406 0179 0E       		.byte	14
 407 017a C8       		.byte	-56
 408 017b 15       		.byte	21
 409 017c C9       		.byte	-55
 410 017d FF       		.byte	-1
 411 017e CA       		.byte	-54
 412 017f FF       		.byte	-1
 413 0180 CB       		.byte	-53
 414 0181 FF       		.byte	-1
 415 0182 CE       		.byte	-50
 416 0183 F0       		.byte	-16
 417 0184 CF       		.byte	-49
 418 0185 44       		.byte	68
 419 0186 D0       		.byte	-48
 420 0187 0C       		.byte	12
 421 0188 D4       		.byte	-44
 422 0189 01       		.byte	1
 423 018a D8       		.byte	-40
 424 018b 04       		.byte	4
 425 018c D9       		.byte	-39
 426 018d 04       		.byte	4
 427 018e DA       		.byte	-38
 428 018f 04       		.byte	4
 429 0190 DB       		.byte	-37
 430 0191 04       		.byte	4
 431 0192 DF       		.byte	-33
 432 0193 01       		.byte	1
 433 0194 E6       		.byte	-26
 434 0195 C0       		.byte	-64
 435 0196 EA       		.byte	-22
 436 0197 40       		.byte	64
 437 0198 EB       		.byte	-21
 438 0199 02       		.byte	2
 439 019a 01       		.byte	1
 440 019b 22       		.byte	34
 441 019c 02       		.byte	2
 442 019d 01       		.byte	1
 443 019e 03       		.byte	3
 444 019f 10       		.byte	16
 445 01a0 04       		.byte	4
 446 01a1 40       		.byte	64
 447 01a2 05       		.byte	5
 448 01a3 11       		.byte	17
 449 01a4 07       		.byte	7
 450 01a5 20       		.byte	32
 451 01a6 0A       		.byte	10
 452 01a7 22       		.byte	34
 453 01a8 0F       		.byte	15
 454 01a9 80       		.byte	-128
 455 01aa 11       		.byte	17
 456 01ab 04       		.byte	4
ARM GAS  C:\Users\iamna\AppData\Local\Temp\ccrt8RCs.s 			page 9


 457 01ac 13       		.byte	19
 458 01ad 20       		.byte	32
 459 01ae 16       		.byte	22
 460 01af 06       		.byte	6
 461 01b0 19       		.byte	25
 462 01b1 21       		.byte	33
 463 01b2 1D       		.byte	29
 464 01b3 10       		.byte	16
 465 01b4 1E       		.byte	30
 466 01b5 40       		.byte	64
 467 01b6 1F       		.byte	31
 468 01b7 08       		.byte	8
 469 01b8 20       		.byte	32
 470 01b9 44       		.byte	68
 471 01ba 22       		.byte	34
 472 01bb 09       		.byte	9
 473 01bc 23       		.byte	35
 474 01bd 20       		.byte	32
 475 01be 25       		.byte	37
 476 01bf 10       		.byte	16
 477 01c0 26       		.byte	38
 478 01c1 04       		.byte	4
 479 01c2 27       		.byte	39
 480 01c3 41       		.byte	65
 481 01c4 29       		.byte	41
 482 01c5 01       		.byte	1
 483 01c6 2A       		.byte	42
 484 01c7 01       		.byte	1
 485 01c8 2C       		.byte	44
 486 01c9 20       		.byte	32
 487 01ca 30       		.byte	48
 488 01cb 80       		.byte	-128
 489 01cc 31       		.byte	49
 490 01cd 10       		.byte	16
 491 01ce 32       		.byte	50
 492 01cf 08       		.byte	8
 493 01d0 33       		.byte	51
 494 01d1 10       		.byte	16
 495 01d2 34       		.byte	52
 496 01d3 01       		.byte	1
 497 01d4 36       		.byte	54
 498 01d5 04       		.byte	4
 499 01d6 37       		.byte	55
 500 01d7 01       		.byte	1
 501 01d8 38       		.byte	56
 502 01d9 48       		.byte	72
 503 01da 39       		.byte	57
 504 01db 04       		.byte	4
 505 01dc 3D       		.byte	61
 506 01dd 80       		.byte	-128
 507 01de 3E       		.byte	62
 508 01df 12       		.byte	18
 509 01e0 40       		.byte	64
 510 01e1 04       		.byte	4
 511 01e2 46       		.byte	70
 512 01e3 01       		.byte	1
 513 01e4 47       		.byte	71
ARM GAS  C:\Users\iamna\AppData\Local\Temp\ccrt8RCs.s 			page 10


 514 01e5 10       		.byte	16
 515 01e6 48       		.byte	72
 516 01e7 80       		.byte	-128
 517 01e8 49       		.byte	73
 518 01e9 02       		.byte	2
 519 01ea 4C       		.byte	76
 520 01eb 04       		.byte	4
 521 01ec 4E       		.byte	78
 522 01ed 10       		.byte	16
 523 01ee 50       		.byte	80
 524 01ef 04       		.byte	4
 525 01f0 52       		.byte	82
 526 01f1 04       		.byte	4
 527 01f2 54       		.byte	84
 528 01f3 08       		.byte	8
 529 01f4 56       		.byte	86
 530 01f5 40       		.byte	64
 531 01f6 57       		.byte	87
 532 01f7 40       		.byte	64
 533 01f8 5E       		.byte	94
 534 01f9 40       		.byte	64
 535 01fa 5F       		.byte	95
 536 01fb 15       		.byte	21
 537 01fc 86       		.byte	-122
 538 01fd 40       		.byte	64
 539 01fe 87       		.byte	-121
 540 01ff 10       		.byte	16
 541 0200 8A       		.byte	-118
 542 0201 02       		.byte	2
 543 0202 8C       		.byte	-116
 544 0203 08       		.byte	8
 545 0204 8F       		.byte	-113
 546 0205 01       		.byte	1
 547 0206 92       		.byte	-110
 548 0207 10       		.byte	16
 549 0208 93       		.byte	-109
 550 0209 04       		.byte	4
 551 020a 9C       		.byte	-100
 552 020b 01       		.byte	1
 553 020c 9D       		.byte	-99
 554 020d 20       		.byte	32
 555 020e 9E       		.byte	-98
 556 020f 02       		.byte	2
 557 0210 9F       		.byte	-97
 558 0211 40       		.byte	64
 559 0212 A0       		.byte	-96
 560 0213 20       		.byte	32
 561 0214 A1       		.byte	-95
 562 0215 40       		.byte	64
 563 0216 A4       		.byte	-92
 564 0217 08       		.byte	8
 565 0218 A5       		.byte	-91
 566 0219 10       		.byte	16
 567 021a A6       		.byte	-90
 568 021b 04       		.byte	4
 569 021c A7       		.byte	-89
 570 021d 08       		.byte	8
ARM GAS  C:\Users\iamna\AppData\Local\Temp\ccrt8RCs.s 			page 11


 571 021e B1       		.byte	-79
 572 021f 48       		.byte	72
 573 0220 B4       		.byte	-76
 574 0221 80       		.byte	-128
 575 0222 B7       		.byte	-73
 576 0223 10       		.byte	16
 577 0224 C0       		.byte	-64
 578 0225 FF       		.byte	-1
 579 0226 C2       		.byte	-62
 580 0227 15       		.byte	21
 581 0228 C4       		.byte	-60
 582 0229 C6       		.byte	-58
 583 022a CA       		.byte	-54
 584 022b 41       		.byte	65
 585 022c CC       		.byte	-52
 586 022d CE       		.byte	-50
 587 022e CE       		.byte	-50
 588 022f BA       		.byte	-70
 589 0230 D0       		.byte	-48
 590 0231 34       		.byte	52
 591 0232 D2       		.byte	-46
 592 0233 20       		.byte	32
 593 0234 D6       		.byte	-42
 594 0235 F0       		.byte	-16
 595 0236 87       		.byte	-121
 596 0237 10       		.byte	16
 597 0238 10       		.byte	16
 598 0239 40       		.byte	64
 599 023a 73       		.byte	115
 600 023b 10       		.byte	16
 601 023c 88       		.byte	-120
 602 023d 40       		.byte	64
 603 023e 93       		.byte	-109
 604 023f 10       		.byte	16
 605 0240 C4       		.byte	-60
 606 0241 08       		.byte	8
 607 0242 DC       		.byte	-36
 608 0243 01       		.byte	1
 609 0244 E2       		.byte	-30
 610 0245 01       		.byte	1
 611 0246 10       		.byte	16
 612 0247 01       		.byte	1
 613 0248 1C       		.byte	28
 614 0249 01       		.byte	1
 615 024a 00       		.byte	0
 616 024b 00       		.byte	0
 617 024c 7F       		.byte	127
 618 024d 10       		.byte	16
 619 024e 00       		.byte	0
 620 024f 00       		.byte	0
 621 0250 1C       		.byte	28
 622 0251 08       		.byte	8
 623 0252 63       		.byte	99
 624 0253 00       		.byte	0
 625 0254 00       		.byte	0
 626 0255 18       		.byte	24
 627 0256 23       		.byte	35
ARM GAS  C:\Users\iamna\AppData\Local\Temp\ccrt8RCs.s 			page 12


 628 0257 00       		.byte	0
 629 0258 02       		.byte	2
 630 0259 1C       		.byte	28
 631 025a 00       		.byte	0
 632 025b E1       		.byte	-31
 633 025c 1F       		.byte	31
 634 025d FF       		.byte	-1
 635 025e 60       		.byte	96
 636 025f 00       		.byte	0
 637 0260 73       		.byte	115
 638 0261 C0       		.byte	-64
 639 0262 0C       		.byte	12
 640 0263 00       		.byte	0
 641 0264 03       		.byte	3
 642 0265 3C       		.byte	60
 643 0266 00       		.byte	0
 644 0267 C2       		.byte	-62
 645 0268 08       		.byte	8
 646 0269 E7       		.byte	-25
 647 026a 00       		.byte	0
 648 026b 18       		.byte	24
 649 026c 00       		.byte	0
 650 026d 44       		.byte	68
 651 026e 00       		.byte	0
 652 026f 00       		.byte	0
 653 0270 04       		.byte	4
 654 0271 00       		.byte	0
 655 0272 00       		.byte	0
 656 0273 E3       		.byte	-29
 657 0274 0C       		.byte	12
 658 0275 00       		.byte	0
 659 0276 00       		.byte	0
 660 0277 04       		.byte	4
 661 0278 01       		.byte	1
 662 0279 80       		.byte	-128
 663 027a 00       		.byte	0
 664 027b 00       		.byte	0
 665 027c 2C       		.byte	44
 666 027d 00       		.byte	0
 667 027e 0F       		.byte	15
 668 027f 1F       		.byte	31
 669 0280 10       		.byte	16
 670 0281 38       		.byte	56
 671 0282 40       		.byte	64
 672 0283 C0       		.byte	-64
 673 0284 80       		.byte	-128
 674 0285 00       		.byte	0
 675 0286 0A       		.byte	10
 676 0287 08       		.byte	8
 677 0288 00       		.byte	0
 678 0289 00       		.byte	0
 679 028a 10       		.byte	16
 680 028b 00       		.byte	0
 681 028c 32       		.byte	50
 682 028d 04       		.byte	4
 683 028e 06       		.byte	6
 684 028f 00       		.byte	0
ARM GAS  C:\Users\iamna\AppData\Local\Temp\ccrt8RCs.s 			page 13


 685 0290 01       		.byte	1
 686 0291 00       		.byte	0
 687 0292 E0       		.byte	-32
 688 0293 0C       		.byte	12
 689 0294 18       		.byte	24
 690 0295 FF       		.byte	-1
 691 0296 FF       		.byte	-1
 692 0297 FF       		.byte	-1
 693 0298 62       		.byte	98
 694 0299 A0       		.byte	-96
 695 029a F0       		.byte	-16
 696 029b 41       		.byte	65
 697 029c 0C       		.byte	12
 698 029d 00       		.byte	0
 699 029e 00       		.byte	0
 700 029f 00       		.byte	0
 701 02a0 00       		.byte	0
 702 02a1 00       		.byte	0
 703 02a2 02       		.byte	2
 704 02a3 12       		.byte	18
 705 02a4 04       		.byte	4
 706 02a5 04       		.byte	4
 707 02a6 04       		.byte	4
 708 02a7 04       		.byte	4
 709 02a8 00       		.byte	0
 710 02a9 00       		.byte	0
 711 02aa 00       		.byte	0
 712 02ab 01       		.byte	1
 713 02ac 00       		.byte	0
 714 02ad 00       		.byte	0
 715 02ae 00       		.byte	0
 716 02af 00       		.byte	0
 717 02b0 00       		.byte	0
 718 02b1 00       		.byte	0
 719 02b2 40       		.byte	64
 720 02b3 02       		.byte	2
 721 02b4 00       		.byte	0
 722 02b5 10       		.byte	16
 723 02b6 30       		.byte	48
 724 02b7 10       		.byte	16
 725 02b8 00       		.byte	0
 726 02b9 10       		.byte	16
 727 02ba 10       		.byte	16
 728 02bb 12       		.byte	18
 729 02bc 00       		.byte	0
 730 02bd 00       		.byte	0
 731 02be 00       		.byte	0
 732 02bf 00       		.byte	0
 733 02c0 00       		.byte	0
 734 02c1 00       		.byte	0
 735 02c2 00       		.byte	0
 736 02c3 00       		.byte	0
 737 02c4 00       		.byte	0
 738 02c5 00       		.byte	0
 739 02c6 00       		.byte	0
 740 02c7 00       		.byte	0
 741 02c8 00       		.byte	0
ARM GAS  C:\Users\iamna\AppData\Local\Temp\ccrt8RCs.s 			page 14


 742 02c9 00       		.byte	0
 743 02ca 00       		.byte	0
 744 02cb 00       		.byte	0
 745 02cc 80       		.byte	-128
 746 02cd 00       		.byte	0
 747 02ce 40       		.byte	64
 748 02cf 80       		.byte	-128
 749 02d0 80       		.byte	-128
 750 02d1 00       		.byte	0
 751 02d2 80       		.byte	-128
 752 02d3 00       		.byte	0
 753 02d4 00       		.byte	0
 754 02d5 00       		.byte	0
 755 02d6 00       		.byte	0
 756 02d7 00       		.byte	0
 757 02d8 00       		.byte	0
 758 02d9 0B       		.byte	11
 759 02da 0B       		.byte	11
 760 02db 00       		.byte	0
 761 02dc 00       		.byte	0
 762 02dd 00       		.byte	0
 763 02de 00       		.byte	0
 764 02df 00       		.byte	0
 765 02e0 04       		.byte	4
 766 02e1 00       		.byte	0
 767 02e2 00       		.byte	0
 768 02e3 06       		.byte	6
 769 02e4 02       		.byte	2
 770 02e5 00       		.byte	0
 771 02e6 00       		.byte	0
 772 02e7 00       		.byte	0
 773 02e8 00       		.byte	0
 774 02e9 00       		.byte	0
 775 02ea 00       		.byte	0
 776 02eb 00       		.byte	0
 777              		.section	.cywolatch,"a",%progbits
 778              		.align	2
 779              		.type	cy_meta_wonvl, %object
 780              		.size	cy_meta_wonvl, 4
 781              	cy_meta_wonvl:
 782 0000 BC       		.byte	-68
 783 0001 90       		.byte	-112
 784 0002 AC       		.byte	-84
 785 0003 AF       		.byte	-81
 786              		.section	.cycustnvl,"a",%progbits
 787              		.align	2
 788              		.type	cy_meta_custnvl, %object
 789              		.size	cy_meta_custnvl, 4
 790              	cy_meta_custnvl:
 791 0000 30       		.byte	48
 792 0001 00       		.byte	0
 793 0002 40       		.byte	64
 794 0003 05       		.byte	5
 795              		.section	.cymeta,"a",%progbits
 796              		.align	2
 797              		.type	cy_metadata, %object
 798              		.size	cy_metadata, 12
ARM GAS  C:\Users\iamna\AppData\Local\Temp\ccrt8RCs.s 			page 15


 799              	cy_metadata:
 800 0000 00       		.byte	0
 801 0001 01       		.byte	1
 802 0002 2E       		.byte	46
 803 0003 16       		.byte	22
 804 0004 10       		.byte	16
 805 0005 69       		.byte	105
 806 0006 00       		.byte	0
 807 0007 01       		.byte	1
 808 0008 00       		.byte	0
 809 0009 00       		.byte	0
 810 000a 00       		.byte	0
 811 000b 00       		.byte	0
 812              		.section	.cyflashprotect,"a",%progbits
 813              		.align	2
 814              		.type	cy_meta_flashprotect, %object
 815              		.size	cy_meta_flashprotect, 256
 816              	cy_meta_flashprotect:
 817 0000 00000000 		.space	256
 817      00000000 
 817      00000000 
 817      00000000 
 817      00000000 
 818              		.text
 819              	.Letext0:
 820              		.file 1 "c:\\program files (x86)\\cypress\\psoc creator\\4.4\\psoc creator\\import\\gnu\\arm\\5.4.
 821              		.file 2 "c:\\program files (x86)\\cypress\\psoc creator\\4.4\\psoc creator\\import\\gnu\\arm\\5.4.
 822              		.file 3 "Generated_Source\\PSoC5\\cymetadata.c"
 823              		.section	.debug_info,"",%progbits
 824              	.Ldebug_info0:
 825 0000 31010000 		.4byte	0x131
 826 0004 0400     		.2byte	0x4
 827 0006 00000000 		.4byte	.Ldebug_abbrev0
 828 000a 04       		.byte	0x4
 829 000b 01       		.uleb128 0x1
 830 000c 24000000 		.4byte	.LASF17
 831 0010 0C       		.byte	0xc
 832 0011 C6010000 		.4byte	.LASF18
 833 0015 69010000 		.4byte	.LASF19
 834 0019 00000000 		.4byte	.Ldebug_line0
 835 001d 02       		.uleb128 0x2
 836 001e 01       		.byte	0x1
 837 001f 06       		.byte	0x6
 838 0020 BA010000 		.4byte	.LASF0
 839 0024 03       		.uleb128 0x3
 840 0025 00000000 		.4byte	.LASF9
 841 0029 01       		.byte	0x1
 842 002a 1D       		.byte	0x1d
 843 002b 2F000000 		.4byte	0x2f
 844 002f 02       		.uleb128 0x2
 845 0030 01       		.byte	0x1
 846 0031 08       		.byte	0x8
 847 0032 16000000 		.4byte	.LASF1
 848 0036 02       		.uleb128 0x2
 849 0037 02       		.byte	0x2
 850 0038 05       		.byte	0x5
 851 0039 5F010000 		.4byte	.LASF2
ARM GAS  C:\Users\iamna\AppData\Local\Temp\ccrt8RCs.s 			page 16


 852 003d 02       		.uleb128 0x2
 853 003e 02       		.byte	0x2
 854 003f 07       		.byte	0x7
 855 0040 C4000000 		.4byte	.LASF3
 856 0044 02       		.uleb128 0x2
 857 0045 04       		.byte	0x4
 858 0046 05       		.byte	0x5
 859 0047 B1010000 		.4byte	.LASF4
 860 004b 02       		.uleb128 0x2
 861 004c 04       		.byte	0x4
 862 004d 07       		.byte	0x7
 863 004e B2000000 		.4byte	.LASF5
 864 0052 02       		.uleb128 0x2
 865 0053 08       		.byte	0x8
 866 0054 05       		.byte	0x5
 867 0055 51010000 		.4byte	.LASF6
 868 0059 02       		.uleb128 0x2
 869 005a 08       		.byte	0x8
 870 005b 07       		.byte	0x7
 871 005c 06010000 		.4byte	.LASF7
 872 0060 04       		.uleb128 0x4
 873 0061 04       		.byte	0x4
 874 0062 05       		.byte	0x5
 875 0063 696E7400 		.ascii	"int\000"
 876 0067 02       		.uleb128 0x2
 877 0068 04       		.byte	0x4
 878 0069 07       		.byte	0x7
 879 006a F9000000 		.4byte	.LASF8
 880 006e 03       		.uleb128 0x3
 881 006f 1D010000 		.4byte	.LASF10
 882 0073 02       		.byte	0x2
 883 0074 18       		.byte	0x18
 884 0075 24000000 		.4byte	0x24
 885 0079 05       		.uleb128 0x5
 886 007a 91000000 		.4byte	0x91
 887 007e 8A000000 		.4byte	0x8a
 888 0082 06       		.uleb128 0x6
 889 0083 8A000000 		.4byte	0x8a
 890 0087 EB02     		.2byte	0x2eb
 891 0089 00       		.byte	0
 892 008a 02       		.uleb128 0x2
 893 008b 04       		.byte	0x4
 894 008c 07       		.byte	0x7
 895 008d 48010000 		.4byte	.LASF11
 896 0091 07       		.uleb128 0x7
 897 0092 6E000000 		.4byte	0x6e
 898 0096 08       		.uleb128 0x8
 899 0097 E7000000 		.4byte	.LASF12
 900 009b 03       		.byte	0x3
 901 009c 1F       		.byte	0x1f
 902 009d A7000000 		.4byte	0xa7
 903 00a1 05       		.uleb128 0x5
 904 00a2 03       		.byte	0x3
 905 00a3 00000000 		.4byte	cy_meta_configecc
 906 00a7 07       		.uleb128 0x7
 907 00a8 79000000 		.4byte	0x79
 908 00ac 05       		.uleb128 0x5
ARM GAS  C:\Users\iamna\AppData\Local\Temp\ccrt8RCs.s 			page 17


 909 00ad 91000000 		.4byte	0x91
 910 00b1 BC000000 		.4byte	0xbc
 911 00b5 09       		.uleb128 0x9
 912 00b6 8A000000 		.4byte	0x8a
 913 00ba 03       		.byte	0x3
 914 00bb 00       		.byte	0
 915 00bc 08       		.uleb128 0x8
 916 00bd D7000000 		.4byte	.LASF13
 917 00c1 03       		.byte	0x3
 918 00c2 8A       		.byte	0x8a
 919 00c3 CD000000 		.4byte	0xcd
 920 00c7 05       		.uleb128 0x5
 921 00c8 03       		.byte	0x3
 922 00c9 00000000 		.4byte	cy_meta_custnvl
 923 00cd 07       		.uleb128 0x7
 924 00ce AC000000 		.4byte	0xac
 925 00d2 08       		.uleb128 0x8
 926 00d3 3A010000 		.4byte	.LASF14
 927 00d7 03       		.byte	0x3
 928 00d8 98       		.byte	0x98
 929 00d9 E3000000 		.4byte	0xe3
 930 00dd 05       		.uleb128 0x5
 931 00de 03       		.byte	0x3
 932 00df 00000000 		.4byte	cy_meta_wonvl
 933 00e3 07       		.uleb128 0x7
 934 00e4 AC000000 		.4byte	0xac
 935 00e8 05       		.uleb128 0x5
 936 00e9 91000000 		.4byte	0x91
 937 00ed F8000000 		.4byte	0xf8
 938 00f1 09       		.uleb128 0x9
 939 00f2 8A000000 		.4byte	0x8a
 940 00f6 FF       		.byte	0xff
 941 00f7 00       		.byte	0
 942 00f8 08       		.uleb128 0x8
 943 00f9 25010000 		.4byte	.LASF15
 944 00fd 03       		.byte	0x3
 945 00fe A6       		.byte	0xa6
 946 00ff 09010000 		.4byte	0x109
 947 0103 05       		.uleb128 0x5
 948 0104 03       		.byte	0x3
 949 0105 00000000 		.4byte	cy_meta_flashprotect
 950 0109 07       		.uleb128 0x7
 951 010a E8000000 		.4byte	0xe8
 952 010e 05       		.uleb128 0x5
 953 010f 91000000 		.4byte	0x91
 954 0113 1E010000 		.4byte	0x11e
 955 0117 09       		.uleb128 0x9
 956 0118 8A000000 		.4byte	0x8a
 957 011c 0B       		.byte	0xb
 958 011d 00       		.byte	0
 959 011e 08       		.uleb128 0x8
 960 011f 0A000000 		.4byte	.LASF16
 961 0123 03       		.byte	0x3
 962 0124 D3       		.byte	0xd3
 963 0125 2F010000 		.4byte	0x12f
 964 0129 05       		.uleb128 0x5
 965 012a 03       		.byte	0x3
ARM GAS  C:\Users\iamna\AppData\Local\Temp\ccrt8RCs.s 			page 18


 966 012b 00000000 		.4byte	cy_metadata
 967 012f 07       		.uleb128 0x7
 968 0130 0E010000 		.4byte	0x10e
 969 0134 00       		.byte	0
 970              		.section	.debug_abbrev,"",%progbits
 971              	.Ldebug_abbrev0:
 972 0000 01       		.uleb128 0x1
 973 0001 11       		.uleb128 0x11
 974 0002 01       		.byte	0x1
 975 0003 25       		.uleb128 0x25
 976 0004 0E       		.uleb128 0xe
 977 0005 13       		.uleb128 0x13
 978 0006 0B       		.uleb128 0xb
 979 0007 03       		.uleb128 0x3
 980 0008 0E       		.uleb128 0xe
 981 0009 1B       		.uleb128 0x1b
 982 000a 0E       		.uleb128 0xe
 983 000b 10       		.uleb128 0x10
 984 000c 17       		.uleb128 0x17
 985 000d 00       		.byte	0
 986 000e 00       		.byte	0
 987 000f 02       		.uleb128 0x2
 988 0010 24       		.uleb128 0x24
 989 0011 00       		.byte	0
 990 0012 0B       		.uleb128 0xb
 991 0013 0B       		.uleb128 0xb
 992 0014 3E       		.uleb128 0x3e
 993 0015 0B       		.uleb128 0xb
 994 0016 03       		.uleb128 0x3
 995 0017 0E       		.uleb128 0xe
 996 0018 00       		.byte	0
 997 0019 00       		.byte	0
 998 001a 03       		.uleb128 0x3
 999 001b 16       		.uleb128 0x16
 1000 001c 00       		.byte	0
 1001 001d 03       		.uleb128 0x3
 1002 001e 0E       		.uleb128 0xe
 1003 001f 3A       		.uleb128 0x3a
 1004 0020 0B       		.uleb128 0xb
 1005 0021 3B       		.uleb128 0x3b
 1006 0022 0B       		.uleb128 0xb
 1007 0023 49       		.uleb128 0x49
 1008 0024 13       		.uleb128 0x13
 1009 0025 00       		.byte	0
 1010 0026 00       		.byte	0
 1011 0027 04       		.uleb128 0x4
 1012 0028 24       		.uleb128 0x24
 1013 0029 00       		.byte	0
 1014 002a 0B       		.uleb128 0xb
 1015 002b 0B       		.uleb128 0xb
 1016 002c 3E       		.uleb128 0x3e
 1017 002d 0B       		.uleb128 0xb
 1018 002e 03       		.uleb128 0x3
 1019 002f 08       		.uleb128 0x8
 1020 0030 00       		.byte	0
 1021 0031 00       		.byte	0
 1022 0032 05       		.uleb128 0x5
ARM GAS  C:\Users\iamna\AppData\Local\Temp\ccrt8RCs.s 			page 19


 1023 0033 01       		.uleb128 0x1
 1024 0034 01       		.byte	0x1
 1025 0035 49       		.uleb128 0x49
 1026 0036 13       		.uleb128 0x13
 1027 0037 01       		.uleb128 0x1
 1028 0038 13       		.uleb128 0x13
 1029 0039 00       		.byte	0
 1030 003a 00       		.byte	0
 1031 003b 06       		.uleb128 0x6
 1032 003c 21       		.uleb128 0x21
 1033 003d 00       		.byte	0
 1034 003e 49       		.uleb128 0x49
 1035 003f 13       		.uleb128 0x13
 1036 0040 2F       		.uleb128 0x2f
 1037 0041 05       		.uleb128 0x5
 1038 0042 00       		.byte	0
 1039 0043 00       		.byte	0
 1040 0044 07       		.uleb128 0x7
 1041 0045 26       		.uleb128 0x26
 1042 0046 00       		.byte	0
 1043 0047 49       		.uleb128 0x49
 1044 0048 13       		.uleb128 0x13
 1045 0049 00       		.byte	0
 1046 004a 00       		.byte	0
 1047 004b 08       		.uleb128 0x8
 1048 004c 34       		.uleb128 0x34
 1049 004d 00       		.byte	0
 1050 004e 03       		.uleb128 0x3
 1051 004f 0E       		.uleb128 0xe
 1052 0050 3A       		.uleb128 0x3a
 1053 0051 0B       		.uleb128 0xb
 1054 0052 3B       		.uleb128 0x3b
 1055 0053 0B       		.uleb128 0xb
 1056 0054 49       		.uleb128 0x49
 1057 0055 13       		.uleb128 0x13
 1058 0056 3F       		.uleb128 0x3f
 1059 0057 19       		.uleb128 0x19
 1060 0058 02       		.uleb128 0x2
 1061 0059 18       		.uleb128 0x18
 1062 005a 00       		.byte	0
 1063 005b 00       		.byte	0
 1064 005c 09       		.uleb128 0x9
 1065 005d 21       		.uleb128 0x21
 1066 005e 00       		.byte	0
 1067 005f 49       		.uleb128 0x49
 1068 0060 13       		.uleb128 0x13
 1069 0061 2F       		.uleb128 0x2f
 1070 0062 0B       		.uleb128 0xb
 1071 0063 00       		.byte	0
 1072 0064 00       		.byte	0
 1073 0065 00       		.byte	0
 1074              		.section	.debug_aranges,"",%progbits
 1075 0000 14000000 		.4byte	0x14
 1076 0004 0200     		.2byte	0x2
 1077 0006 00000000 		.4byte	.Ldebug_info0
 1078 000a 04       		.byte	0x4
 1079 000b 00       		.byte	0
ARM GAS  C:\Users\iamna\AppData\Local\Temp\ccrt8RCs.s 			page 20


 1080 000c 0000     		.2byte	0
 1081 000e 0000     		.2byte	0
 1082 0010 00000000 		.4byte	0
 1083 0014 00000000 		.4byte	0
 1084              		.section	.debug_line,"",%progbits
 1085              	.Ldebug_line0:
 1086 0000 3D010000 		.section	.debug_str,"MS",%progbits,1
 1086      02003701 
 1086      00000201 
 1086      FB0E0D00 
 1086      01010101 
 1087              	.LASF9:
 1088 0000 5F5F7569 		.ascii	"__uint8_t\000"
 1088      6E74385F 
 1088      7400
 1089              	.LASF16:
 1090 000a 63795F6D 		.ascii	"cy_metadata\000"
 1090      65746164 
 1090      61746100 
 1091              	.LASF1:
 1092 0016 756E7369 		.ascii	"unsigned char\000"
 1092      676E6564 
 1092      20636861 
 1092      7200
 1093              	.LASF17:
 1094 0024 474E5520 		.ascii	"GNU C11 5.4.1 20160609 (release) [ARM/embedded-5-br"
 1094      43313120 
 1094      352E342E 
 1094      31203230 
 1094      31363036 
 1095 0057 616E6368 		.ascii	"anch revision 237715] -mcpu=cortex-m3 -mthumb -g -O"
 1095      20726576 
 1095      6973696F 
 1095      6E203233 
 1095      37373135 
 1096 008a 67202D66 		.ascii	"g -ffunction-sections -ffat-lto-objects\000"
 1096      66756E63 
 1096      74696F6E 
 1096      2D736563 
 1096      74696F6E 
 1097              	.LASF5:
 1098 00b2 6C6F6E67 		.ascii	"long unsigned int\000"
 1098      20756E73 
 1098      69676E65 
 1098      6420696E 
 1098      7400
 1099              	.LASF3:
 1100 00c4 73686F72 		.ascii	"short unsigned int\000"
 1100      7420756E 
 1100      7369676E 
 1100      65642069 
 1100      6E7400
 1101              	.LASF13:
 1102 00d7 63795F6D 		.ascii	"cy_meta_custnvl\000"
 1102      6574615F 
 1102      63757374 
 1102      6E766C00 
ARM GAS  C:\Users\iamna\AppData\Local\Temp\ccrt8RCs.s 			page 21


 1103              	.LASF12:
 1104 00e7 63795F6D 		.ascii	"cy_meta_configecc\000"
 1104      6574615F 
 1104      636F6E66 
 1104      69676563 
 1104      6300
 1105              	.LASF8:
 1106 00f9 756E7369 		.ascii	"unsigned int\000"
 1106      676E6564 
 1106      20696E74 
 1106      00
 1107              	.LASF7:
 1108 0106 6C6F6E67 		.ascii	"long long unsigned int\000"
 1108      206C6F6E 
 1108      6720756E 
 1108      7369676E 
 1108      65642069 
 1109              	.LASF10:
 1110 011d 75696E74 		.ascii	"uint8_t\000"
 1110      385F7400 
 1111              	.LASF15:
 1112 0125 63795F6D 		.ascii	"cy_meta_flashprotect\000"
 1112      6574615F 
 1112      666C6173 
 1112      6870726F 
 1112      74656374 
 1113              	.LASF14:
 1114 013a 63795F6D 		.ascii	"cy_meta_wonvl\000"
 1114      6574615F 
 1114      776F6E76 
 1114      6C00
 1115              	.LASF11:
 1116 0148 73697A65 		.ascii	"sizetype\000"
 1116      74797065 
 1116      00
 1117              	.LASF6:
 1118 0151 6C6F6E67 		.ascii	"long long int\000"
 1118      206C6F6E 
 1118      6720696E 
 1118      7400
 1119              	.LASF2:
 1120 015f 73686F72 		.ascii	"short int\000"
 1120      7420696E 
 1120      7400
 1121              	.LASF19:
 1122 0169 433A5C55 		.ascii	"C:\\Users\\iamna\\Documents\\PSoC Creator\\nadimPSo"
 1122      73657273 
 1122      5C69616D 
 1122      6E615C44 
 1122      6F63756D 
 1123 0197 43455831 		.ascii	"CEX1\\nadimaPSoCLab1.cydsn\000"
 1123      5C6E6164 
 1123      696D6150 
 1123      536F434C 
 1123      6162312E 
 1124              	.LASF4:
 1125 01b1 6C6F6E67 		.ascii	"long int\000"
ARM GAS  C:\Users\iamna\AppData\Local\Temp\ccrt8RCs.s 			page 22


 1125      20696E74 
 1125      00
 1126              	.LASF0:
 1127 01ba 7369676E 		.ascii	"signed char\000"
 1127      65642063 
 1127      68617200 
 1128              	.LASF18:
 1129 01c6 47656E65 		.ascii	"Generated_Source\\PSoC5\\cymetadata.c\000"
 1129      72617465 
 1129      645F536F 
 1129      75726365 
 1129      5C50536F 
 1130              		.ident	"GCC: (GNU Tools for ARM Embedded Processors) 5.4.1 20160609 (release) [ARM/embedded-5-bran
