ARM GAS  C:\Users\iamna\AppData\Local\Temp\cczmFZIy.s 			page 1


   1              		.syntax unified
   2              		.cpu cortex-m3
   3              		.fpu softvfp
   4              		.eabi_attribute 20, 1
   5              		.eabi_attribute 21, 1
   6              		.eabi_attribute 23, 3
   7              		.eabi_attribute 24, 1
   8              		.eabi_attribute 25, 1
   9              		.eabi_attribute 26, 1
  10              		.eabi_attribute 30, 6
  11              		.eabi_attribute 34, 1
  12              		.eabi_attribute 18, 4
  13              		.thumb
  14              		.syntax unified
  15              		.file	"cymetadata.c"
  16              		.text
  17              	.Ltext0:
  18              		.cfi_sections	.debug_frame
  19              		.global	cy_meta_configecc
  20              		.section	.cyconfigecc,"a",%progbits
  21              		.align	2
  22              		.type	cy_meta_configecc, %object
  23              		.size	cy_meta_configecc, 1384
  24              	cy_meta_configecc:
  25 0000 02       		.byte	2
  26 0001 64       		.byte	100
  27 0002 00       		.byte	0
  28 0003 40       		.byte	64
  29 0004 02       		.byte	2
  30 0005 65       		.byte	101
  31 0006 00       		.byte	0
  32 0007 40       		.byte	64
  33 0008 01       		.byte	1
  34 0009 05       		.byte	5
  35 000a 01       		.byte	1
  36 000b 40       		.byte	64
  37 000c 04       		.byte	4
  38 000d 06       		.byte	6
  39 000e 01       		.byte	1
  40 000f 40       		.byte	64
  41 0010 01       		.byte	1
  42 0011 07       		.byte	7
  43 0012 01       		.byte	1
  44 0013 40       		.byte	64
  45 0014 4C       		.byte	76
  46 0015 08       		.byte	8
  47 0016 01       		.byte	1
  48 0017 40       		.byte	64
  49 0018 40       		.byte	64
  50 0019 09       		.byte	9
  51 001a 01       		.byte	1
  52 001b 40       		.byte	64
  53 001c 52       		.byte	82
  54 001d 0A       		.byte	10
  55 001e 01       		.byte	1
  56 001f 40       		.byte	64
  57 0020 36       		.byte	54
ARM GAS  C:\Users\iamna\AppData\Local\Temp\cczmFZIy.s 			page 2


  58 0021 0B       		.byte	11
  59 0022 01       		.byte	1
  60 0023 40       		.byte	64
  61 0024 01       		.byte	1
  62 0025 15       		.byte	21
  63 0026 01       		.byte	1
  64 0027 40       		.byte	64
  65 0028 01       		.byte	1
  66 0029 17       		.byte	23
  67 002a 01       		.byte	1
  68 002b 40       		.byte	64
  69 002c 46       		.byte	70
  70 002d 18       		.byte	24
  71 002e 01       		.byte	1
  72 002f 40       		.byte	64
  73 0030 3D       		.byte	61
  74 0031 19       		.byte	25
  75 0032 01       		.byte	1
  76 0033 40       		.byte	64
  77 0034 05       		.byte	5
  78 0035 1A       		.byte	26
  79 0036 01       		.byte	1
  80 0037 40       		.byte	64
  81 0038 44       		.byte	68
  82 0039 1B       		.byte	27
  83 003a 01       		.byte	1
  84 003b 40       		.byte	64
  85 003c 03       		.byte	3
  86 003d 40       		.byte	64
  87 003e 01       		.byte	1
  88 003f 40       		.byte	64
  89 0040 02       		.byte	2
  90 0041 41       		.byte	65
  91 0042 01       		.byte	1
  92 0043 40       		.byte	64
  93 0044 04       		.byte	4
  94 0045 42       		.byte	66
  95 0046 01       		.byte	1
  96 0047 40       		.byte	64
  97 0048 04       		.byte	4
  98 0049 43       		.byte	67
  99 004a 01       		.byte	1
 100 004b 40       		.byte	64
 101 004c 02       		.byte	2
 102 004d 44       		.byte	68
 103 004e 01       		.byte	1
 104 004f 40       		.byte	64
 105 0050 01       		.byte	1
 106 0051 45       		.byte	69
 107 0052 01       		.byte	1
 108 0053 40       		.byte	64
 109 0054 03       		.byte	3
 110 0055 46       		.byte	70
 111 0056 01       		.byte	1
 112 0057 40       		.byte	64
 113 0058 02       		.byte	2
 114 0059 47       		.byte	71
ARM GAS  C:\Users\iamna\AppData\Local\Temp\cczmFZIy.s 			page 3


 115 005a 01       		.byte	1
 116 005b 40       		.byte	64
 117 005c 05       		.byte	5
 118 005d 48       		.byte	72
 119 005e 01       		.byte	1
 120 005f 40       		.byte	64
 121 0060 06       		.byte	6
 122 0061 49       		.byte	73
 123 0062 01       		.byte	1
 124 0063 40       		.byte	64
 125 0064 03       		.byte	3
 126 0065 4C       		.byte	76
 127 0066 01       		.byte	1
 128 0067 40       		.byte	64
 129 0068 09       		.byte	9
 130 0069 4D       		.byte	77
 131 006a 01       		.byte	1
 132 006b 40       		.byte	64
 133 006c 06       		.byte	6
 134 006d 50       		.byte	80
 135 006e 01       		.byte	1
 136 006f 40       		.byte	64
 137 0070 02       		.byte	2
 138 0071 51       		.byte	81
 139 0072 01       		.byte	1
 140 0073 40       		.byte	64
 141 0074 88       		.byte	-120
 142 0075 38       		.byte	56
 143 0076 8B       		.byte	-117
 144 0077 0D       		.byte	13
 145 0078 88       		.byte	-120
 146 0079 72       		.byte	114
 147 007a 8B       		.byte	-117
 148 007b 0F       		.byte	15
 149 007c E6       		.byte	-26
 150 007d 08       		.byte	8
 151 007e B8       		.byte	-72
 152 007f 80       		.byte	-128
 153 0080 BE       		.byte	-66
 154 0081 40       		.byte	64
 155 0082 D8       		.byte	-40
 156 0083 04       		.byte	4
 157 0084 DF       		.byte	-33
 158 0085 01       		.byte	1
 159 0086 18       		.byte	24
 160 0087 02       		.byte	2
 161 0088 02       		.byte	2
 162 0089 02       		.byte	2
 163 008a 04       		.byte	4
 164 008b 0C       		.byte	12
 165 008c 06       		.byte	6
 166 008d 10       		.byte	16
 167 008e 07       		.byte	7
 168 008f 01       		.byte	1
 169 0090 09       		.byte	9
 170 0091 06       		.byte	6
 171 0092 0A       		.byte	10
ARM GAS  C:\Users\iamna\AppData\Local\Temp\cczmFZIy.s 			page 4


 172 0093 02       		.byte	2
 173 0094 0C       		.byte	12
 174 0095 01       		.byte	1
 175 0096 0D       		.byte	13
 176 0097 01       		.byte	1
 177 0098 0F       		.byte	15
 178 0099 06       		.byte	6
 179 009a 10       		.byte	16
 180 009b 28       		.byte	40
 181 009c 11       		.byte	17
 182 009d 06       		.byte	6
 183 009e 12       		.byte	18
 184 009f 10       		.byte	16
 185 00a0 13       		.byte	19
 186 00a1 01       		.byte	1
 187 00a2 15       		.byte	21
 188 00a3 07       		.byte	7
 189 00a4 16       		.byte	22
 190 00a5 14       		.byte	20
 191 00a6 1A       		.byte	26
 192 00a7 20       		.byte	32
 193 00a8 1C       		.byte	28
 194 00a9 0C       		.byte	12
 195 00aa 1E       		.byte	30
 196 00ab 10       		.byte	16
 197 00ac 20       		.byte	32
 198 00ad 0C       		.byte	12
 199 00ae 22       		.byte	34
 200 00af 30       		.byte	48
 201 00b0 24       		.byte	36
 202 00b1 01       		.byte	1
 203 00b2 25       		.byte	37
 204 00b3 02       		.byte	2
 205 00b4 29       		.byte	41
 206 00b5 06       		.byte	6
 207 00b6 2A       		.byte	42
 208 00b7 01       		.byte	1
 209 00b8 2B       		.byte	43
 210 00b9 01       		.byte	1
 211 00ba 2D       		.byte	45
 212 00bb 04       		.byte	4
 213 00bc 2E       		.byte	46
 214 00bd 01       		.byte	1
 215 00be 31       		.byte	49
 216 00bf 07       		.byte	7
 217 00c0 32       		.byte	50
 218 00c1 02       		.byte	2
 219 00c2 34       		.byte	52
 220 00c3 01       		.byte	1
 221 00c4 36       		.byte	54
 222 00c5 3C       		.byte	60
 223 00c6 38       		.byte	56
 224 00c7 20       		.byte	32
 225 00c8 3A       		.byte	58
 226 00c9 80       		.byte	-128
 227 00ca 3B       		.byte	59
 228 00cb 22       		.byte	34
ARM GAS  C:\Users\iamna\AppData\Local\Temp\cczmFZIy.s 			page 5


 229 00cc 3E       		.byte	62
 230 00cd 04       		.byte	4
 231 00ce 40       		.byte	64
 232 00cf 46       		.byte	70
 233 00d0 41       		.byte	65
 234 00d1 03       		.byte	3
 235 00d2 45       		.byte	69
 236 00d3 E0       		.byte	-32
 237 00d4 46       		.byte	70
 238 00d5 0C       		.byte	12
 239 00d6 47       		.byte	71
 240 00d7 0B       		.byte	11
 241 00d8 48       		.byte	72
 242 00d9 16       		.byte	22
 243 00da 49       		.byte	73
 244 00db FF       		.byte	-1
 245 00dc 4A       		.byte	74
 246 00dd FF       		.byte	-1
 247 00de 4B       		.byte	75
 248 00df FF       		.byte	-1
 249 00e0 4E       		.byte	78
 250 00e1 F0       		.byte	-16
 251 00e2 4F       		.byte	79
 252 00e3 44       		.byte	68
 253 00e4 50       		.byte	80
 254 00e5 0C       		.byte	12
 255 00e6 54       		.byte	84
 256 00e7 18       		.byte	24
 257 00e8 58       		.byte	88
 258 00e9 04       		.byte	4
 259 00ea 59       		.byte	89
 260 00eb 04       		.byte	4
 261 00ec 5A       		.byte	90
 262 00ed 04       		.byte	4
 263 00ee 5B       		.byte	91
 264 00ef 04       		.byte	4
 265 00f0 5C       		.byte	92
 266 00f1 11       		.byte	17
 267 00f2 5D       		.byte	93
 268 00f3 11       		.byte	17
 269 00f4 5F       		.byte	95
 270 00f5 01       		.byte	1
 271 00f6 66       		.byte	102
 272 00f7 C0       		.byte	-64
 273 00f8 6A       		.byte	106
 274 00f9 40       		.byte	64
 275 00fa 6B       		.byte	107
 276 00fb 02       		.byte	2
 277 00fc 84       		.byte	-124
 278 00fd 09       		.byte	9
 279 00fe 86       		.byte	-122
 280 00ff 10       		.byte	16
 281 0100 8E       		.byte	-114
 282 0101 03       		.byte	3
 283 0102 90       		.byte	-112
 284 0103 10       		.byte	16
 285 0104 92       		.byte	-110
ARM GAS  C:\Users\iamna\AppData\Local\Temp\cczmFZIy.s 			page 6


 286 0105 0C       		.byte	12
 287 0106 94       		.byte	-108
 288 0107 14       		.byte	20
 289 0108 98       		.byte	-104
 290 0109 0C       		.byte	12
 291 010a 9A       		.byte	-102
 292 010b 11       		.byte	17
 293 010c A4       		.byte	-92
 294 010d 10       		.byte	16
 295 010e AC       		.byte	-84
 296 010f 1C       		.byte	28
 297 0110 AE       		.byte	-82
 298 0111 02       		.byte	2
 299 0112 B0       		.byte	-80
 300 0113 1F       		.byte	31
 301 0114 D2       		.byte	-46
 302 0115 80       		.byte	-128
 303 0116 D8       		.byte	-40
 304 0117 04       		.byte	4
 305 0118 DB       		.byte	-37
 306 0119 0A       		.byte	10
 307 011a DC       		.byte	-36
 308 011b 01       		.byte	1
 309 011c DD       		.byte	-35
 310 011d 90       		.byte	-112
 311 011e DF       		.byte	-33
 312 011f 01       		.byte	1
 313 0120 00       		.byte	0
 314 0121 08       		.byte	8
 315 0122 03       		.byte	3
 316 0123 02       		.byte	2
 317 0124 04       		.byte	4
 318 0125 44       		.byte	68
 319 0126 05       		.byte	5
 320 0127 10       		.byte	16
 321 0128 06       		.byte	6
 322 0129 80       		.byte	-128
 323 012a 08       		.byte	8
 324 012b 10       		.byte	16
 325 012c 09       		.byte	9
 326 012d 08       		.byte	8
 327 012e 0B       		.byte	11
 328 012f 80       		.byte	-128
 329 0130 0C       		.byte	12
 330 0131 8A       		.byte	-118
 331 0132 0E       		.byte	14
 332 0133 08       		.byte	8
 333 0134 10       		.byte	16
 334 0135 02       		.byte	2
 335 0136 12       		.byte	18
 336 0137 20       		.byte	32
 337 0138 15       		.byte	21
 338 0139 10       		.byte	16
 339 013a 16       		.byte	22
 340 013b 40       		.byte	64
 341 013c 17       		.byte	23
 342 013d 44       		.byte	68
ARM GAS  C:\Users\iamna\AppData\Local\Temp\cczmFZIy.s 			page 7


 343 013e 1B       		.byte	27
 344 013f 02       		.byte	2
 345 0140 1D       		.byte	29
 346 0141 10       		.byte	16
 347 0142 1F       		.byte	31
 348 0143 44       		.byte	68
 349 0144 26       		.byte	38
 350 0145 11       		.byte	17
 351 0146 27       		.byte	39
 352 0147 44       		.byte	68
 353 0148 2D       		.byte	45
 354 0149 B0       		.byte	-80
 355 014a 2E       		.byte	46
 356 014b 08       		.byte	8
 357 014c 36       		.byte	54
 358 014d 01       		.byte	1
 359 014e 37       		.byte	55
 360 014f 04       		.byte	4
 361 0150 3A       		.byte	58
 362 0151 40       		.byte	64
 363 0152 3B       		.byte	59
 364 0153 80       		.byte	-128
 365 0154 3C       		.byte	60
 366 0155 40       		.byte	64
 367 0156 3E       		.byte	62
 368 0157 20       		.byte	32
 369 0158 3F       		.byte	63
 370 0159 04       		.byte	4
 371 015a 44       		.byte	68
 372 015b 10       		.byte	16
 373 015c 46       		.byte	70
 374 015d 40       		.byte	64
 375 015e 47       		.byte	71
 376 015f 08       		.byte	8
 377 0160 4C       		.byte	76
 378 0161 08       		.byte	8
 379 0162 4D       		.byte	77
 380 0163 02       		.byte	2
 381 0164 54       		.byte	84
 382 0165 80       		.byte	-128
 383 0166 55       		.byte	85
 384 0167 08       		.byte	8
 385 0168 57       		.byte	87
 386 0169 40       		.byte	64
 387 016a 5C       		.byte	92
 388 016b 01       		.byte	1
 389 016c 64       		.byte	100
 390 016d 02       		.byte	2
 391 016e 67       		.byte	103
 392 016f 08       		.byte	8
 393 0170 73       		.byte	115
 394 0171 40       		.byte	64
 395 0172 78       		.byte	120
 396 0173 08       		.byte	8
 397 0174 90       		.byte	-112
 398 0175 24       		.byte	36
 399 0176 97       		.byte	-105
ARM GAS  C:\Users\iamna\AppData\Local\Temp\cczmFZIy.s 			page 8


 400 0177 C0       		.byte	-64
 401 0178 98       		.byte	-104
 402 0179 08       		.byte	8
 403 017a 9B       		.byte	-101
 404 017b 08       		.byte	8
 405 017c 9C       		.byte	-100
 406 017d 40       		.byte	64
 407 017e 9E       		.byte	-98
 408 017f 40       		.byte	64
 409 0180 A0       		.byte	-96
 410 0181 04       		.byte	4
 411 0182 A2       		.byte	-94
 412 0183 04       		.byte	4
 413 0184 A4       		.byte	-92
 414 0185 18       		.byte	24
 415 0186 AA       		.byte	-86
 416 0187 40       		.byte	64
 417 0188 AB       		.byte	-85
 418 0189 10       		.byte	16
 419 018a C0       		.byte	-64
 420 018b F5       		.byte	-11
 421 018c C2       		.byte	-62
 422 018d FE       		.byte	-2
 423 018e C4       		.byte	-60
 424 018f F5       		.byte	-11
 425 0190 CA       		.byte	-54
 426 0191 70       		.byte	112
 427 0192 CC       		.byte	-52
 428 0193 C0       		.byte	-64
 429 0194 CE       		.byte	-50
 430 0195 70       		.byte	112
 431 0196 D0       		.byte	-48
 432 0197 C0       		.byte	-64
 433 0198 D2       		.byte	-46
 434 0199 20       		.byte	32
 435 019a D6       		.byte	-42
 436 019b 80       		.byte	-128
 437 019c D8       		.byte	-40
 438 019d 30       		.byte	48
 439 019e DE       		.byte	-34
 440 019f 02       		.byte	2
 441 01a0 06       		.byte	6
 442 01a1 0C       		.byte	12
 443 01a2 07       		.byte	7
 444 01a3 03       		.byte	3
 445 01a4 09       		.byte	9
 446 01a5 06       		.byte	6
 447 01a6 0A       		.byte	10
 448 01a7 08       		.byte	8
 449 01a8 0B       		.byte	11
 450 01a9 01       		.byte	1
 451 01aa 0F       		.byte	15
 452 01ab 05       		.byte	5
 453 01ac 10       		.byte	16
 454 01ad 01       		.byte	1
 455 01ae 12       		.byte	18
 456 01af 06       		.byte	6
ARM GAS  C:\Users\iamna\AppData\Local\Temp\cczmFZIy.s 			page 9


 457 01b0 14       		.byte	20
 458 01b1 0C       		.byte	12
 459 01b2 16       		.byte	22
 460 01b3 03       		.byte	3
 461 01b4 17       		.byte	23
 462 01b5 01       		.byte	1
 463 01b6 1B       		.byte	27
 464 01b7 06       		.byte	6
 465 01b8 24       		.byte	36
 466 01b9 01       		.byte	1
 467 01ba 26       		.byte	38
 468 01bb 0E       		.byte	14
 469 01bc 2A       		.byte	42
 470 01bd 03       		.byte	3
 471 01be 2B       		.byte	43
 472 01bf 02       		.byte	2
 473 01c0 32       		.byte	50
 474 01c1 0F       		.byte	15
 475 01c2 35       		.byte	53
 476 01c3 07       		.byte	7
 477 01c4 3A       		.byte	58
 478 01c5 08       		.byte	8
 479 01c6 3B       		.byte	59
 480 01c7 20       		.byte	32
 481 01c8 40       		.byte	64
 482 01c9 53       		.byte	83
 483 01ca 49       		.byte	73
 484 01cb FF       		.byte	-1
 485 01cc 4A       		.byte	74
 486 01cd FF       		.byte	-1
 487 01ce 4B       		.byte	75
 488 01cf FF       		.byte	-1
 489 01d0 4F       		.byte	79
 490 01d1 01       		.byte	1
 491 01d2 50       		.byte	80
 492 01d3 18       		.byte	24
 493 01d4 56       		.byte	86
 494 01d5 08       		.byte	8
 495 01d6 58       		.byte	88
 496 01d7 04       		.byte	4
 497 01d8 59       		.byte	89
 498 01d9 04       		.byte	4
 499 01da 5A       		.byte	90
 500 01db 0B       		.byte	11
 501 01dc 5B       		.byte	91
 502 01dd 04       		.byte	4
 503 01de 5C       		.byte	92
 504 01df 11       		.byte	17
 505 01e0 5D       		.byte	93
 506 01e1 99       		.byte	-103
 507 01e2 5F       		.byte	95
 508 01e3 01       		.byte	1
 509 01e4 60       		.byte	96
 510 01e5 40       		.byte	64
 511 01e6 62       		.byte	98
 512 01e7 40       		.byte	64
 513 01e8 64       		.byte	100
ARM GAS  C:\Users\iamna\AppData\Local\Temp\cczmFZIy.s 			page 10


 514 01e9 40       		.byte	64
 515 01ea 65       		.byte	101
 516 01eb 40       		.byte	64
 517 01ec 66       		.byte	102
 518 01ed 80       		.byte	-128
 519 01ee 68       		.byte	104
 520 01ef 80       		.byte	-128
 521 01f0 6A       		.byte	106
 522 01f1 80       		.byte	-128
 523 01f2 6C       		.byte	108
 524 01f3 80       		.byte	-128
 525 01f4 6E       		.byte	110
 526 01f5 80       		.byte	-128
 527 01f6 8A       		.byte	-118
 528 01f7 01       		.byte	1
 529 01f8 8B       		.byte	-117
 530 01f9 01       		.byte	1
 531 01fa 8F       		.byte	-113
 532 01fb 01       		.byte	1
 533 01fc 94       		.byte	-108
 534 01fd 02       		.byte	2
 535 01fe A0       		.byte	-96
 536 01ff 01       		.byte	1
 537 0200 A4       		.byte	-92
 538 0201 01       		.byte	1
 539 0202 B1       		.byte	-79
 540 0203 01       		.byte	1
 541 0204 B4       		.byte	-76
 542 0205 03       		.byte	3
 543 0206 B8       		.byte	-72
 544 0207 20       		.byte	32
 545 0208 BF       		.byte	-65
 546 0209 01       		.byte	1
 547 020a C0       		.byte	-64
 548 020b 53       		.byte	83
 549 020c C5       		.byte	-59
 550 020d EC       		.byte	-20
 551 020e C6       		.byte	-58
 552 020f 20       		.byte	32
 553 0210 C8       		.byte	-56
 554 0211 0B       		.byte	11
 555 0212 C9       		.byte	-55
 556 0213 FF       		.byte	-1
 557 0214 CA       		.byte	-54
 558 0215 FF       		.byte	-1
 559 0216 CB       		.byte	-53
 560 0217 FF       		.byte	-1
 561 0218 CD       		.byte	-51
 562 0219 83       		.byte	-125
 563 021a CE       		.byte	-50
 564 021b 03       		.byte	3
 565 021c CF       		.byte	-49
 566 021d 01       		.byte	1
 567 021e D0       		.byte	-48
 568 021f 18       		.byte	24
 569 0220 D4       		.byte	-44
 570 0221 01       		.byte	1
ARM GAS  C:\Users\iamna\AppData\Local\Temp\cczmFZIy.s 			page 11


 571 0222 D6       		.byte	-42
 572 0223 04       		.byte	4
 573 0224 D8       		.byte	-40
 574 0225 04       		.byte	4
 575 0226 D9       		.byte	-39
 576 0227 04       		.byte	4
 577 0228 DA       		.byte	-38
 578 0229 0B       		.byte	11
 579 022a DB       		.byte	-37
 580 022b 0B       		.byte	11
 581 022c DC       		.byte	-36
 582 022d 01       		.byte	1
 583 022e DD       		.byte	-35
 584 022f 99       		.byte	-103
 585 0230 DF       		.byte	-33
 586 0231 01       		.byte	1
 587 0232 E0       		.byte	-32
 588 0233 40       		.byte	64
 589 0234 E2       		.byte	-30
 590 0235 40       		.byte	64
 591 0236 E4       		.byte	-28
 592 0237 40       		.byte	64
 593 0238 E5       		.byte	-27
 594 0239 40       		.byte	64
 595 023a E6       		.byte	-26
 596 023b 80       		.byte	-128
 597 023c E8       		.byte	-24
 598 023d 80       		.byte	-128
 599 023e EA       		.byte	-22
 600 023f 80       		.byte	-128
 601 0240 EC       		.byte	-20
 602 0241 80       		.byte	-128
 603 0242 EE       		.byte	-18
 604 0243 80       		.byte	-128
 605 0244 00       		.byte	0
 606 0245 28       		.byte	40
 607 0246 01       		.byte	1
 608 0247 20       		.byte	32
 609 0248 04       		.byte	4
 610 0249 20       		.byte	32
 611 024a 0A       		.byte	10
 612 024b 10       		.byte	16
 613 024c 0B       		.byte	11
 614 024d 80       		.byte	-128
 615 024e 0C       		.byte	12
 616 024f 08       		.byte	8
 617 0250 10       		.byte	16
 618 0251 08       		.byte	8
 619 0252 13       		.byte	19
 620 0253 08       		.byte	8
 621 0254 16       		.byte	22
 622 0255 40       		.byte	64
 623 0256 17       		.byte	23
 624 0257 08       		.byte	8
 625 0258 18       		.byte	24
 626 0259 20       		.byte	32
 627 025a 1A       		.byte	26
ARM GAS  C:\Users\iamna\AppData\Local\Temp\cczmFZIy.s 			page 12


 628 025b 10       		.byte	16
 629 025c 1C       		.byte	28
 630 025d 08       		.byte	8
 631 025e 1D       		.byte	29
 632 025f 10       		.byte	16
 633 0260 1E       		.byte	30
 634 0261 08       		.byte	8
 635 0262 20       		.byte	32
 636 0263 04       		.byte	4
 637 0264 23       		.byte	35
 638 0265 08       		.byte	8
 639 0266 24       		.byte	36
 640 0267 40       		.byte	64
 641 0268 29       		.byte	41
 642 0269 20       		.byte	32
 643 026a 30       		.byte	48
 644 026b 08       		.byte	8
 645 026c 31       		.byte	49
 646 026d 10       		.byte	16
 647 026e 38       		.byte	56
 648 026f 24       		.byte	36
 649 0270 3B       		.byte	59
 650 0271 80       		.byte	-128
 651 0272 3E       		.byte	62
 652 0273 20       		.byte	32
 653 0274 3F       		.byte	63
 654 0275 40       		.byte	64
 655 0276 42       		.byte	66
 656 0277 20       		.byte	32
 657 0278 46       		.byte	70
 658 0279 20       		.byte	32
 659 027a 4B       		.byte	75
 660 027b 40       		.byte	64
 661 027c 4D       		.byte	77
 662 027d 01       		.byte	1
 663 027e 4F       		.byte	79
 664 027f 44       		.byte	68
 665 0280 56       		.byte	86
 666 0281 20       		.byte	32
 667 0282 58       		.byte	88
 668 0283 40       		.byte	64
 669 0284 5A       		.byte	90
 670 0285 40       		.byte	64
 671 0286 5B       		.byte	91
 672 0287 10       		.byte	16
 673 0288 5C       		.byte	92
 674 0289 40       		.byte	64
 675 028a 5D       		.byte	93
 676 028b 01       		.byte	1
 677 028c 5F       		.byte	95
 678 028d 04       		.byte	4
 679 028e 60       		.byte	96
 680 028f 0A       		.byte	10
 681 0290 62       		.byte	98
 682 0291 80       		.byte	-128
 683 0292 66       		.byte	102
 684 0293 02       		.byte	2
ARM GAS  C:\Users\iamna\AppData\Local\Temp\cczmFZIy.s 			page 13


 685 0294 78       		.byte	120
 686 0295 02       		.byte	2
 687 0296 7E       		.byte	126
 688 0297 80       		.byte	-128
 689 0298 86       		.byte	-122
 690 0299 02       		.byte	2
 691 029a C0       		.byte	-64
 692 029b 46       		.byte	70
 693 029c C2       		.byte	-62
 694 029d 2C       		.byte	44
 695 029e C4       		.byte	-60
 696 029f 36       		.byte	54
 697 02a0 CA       		.byte	-54
 698 02a1 04       		.byte	4
 699 02a2 CC       		.byte	-52
 700 02a3 06       		.byte	6
 701 02a4 CE       		.byte	-50
 702 02a5 3E       		.byte	62
 703 02a6 D0       		.byte	-48
 704 02a7 42       		.byte	66
 705 02a8 D2       		.byte	-46
 706 02a9 18       		.byte	24
 707 02aa D6       		.byte	-42
 708 02ab DC       		.byte	-36
 709 02ac D8       		.byte	-40
 710 02ad 8C       		.byte	-116
 711 02ae DE       		.byte	-34
 712 02af 81       		.byte	-127
 713 02b0 EC       		.byte	-20
 714 02b1 18       		.byte	24
 715 02b2 B4       		.byte	-76
 716 02b3 01       		.byte	1
 717 02b4 00       		.byte	0
 718 02b5 10       		.byte	16
 719 02b6 04       		.byte	4
 720 02b7 02       		.byte	2
 721 02b8 05       		.byte	5
 722 02b9 02       		.byte	2
 723 02ba 08       		.byte	8
 724 02bb 2C       		.byte	44
 725 02bc 09       		.byte	9
 726 02bd 1D       		.byte	29
 727 02be 0A       		.byte	10
 728 02bf 03       		.byte	3
 729 02c0 0C       		.byte	12
 730 02c1 08       		.byte	8
 731 02c2 0F       		.byte	15
 732 02c3 02       		.byte	2
 733 02c4 10       		.byte	16
 734 02c5 23       		.byte	35
 735 02c6 11       		.byte	17
 736 02c7 01       		.byte	1
 737 02c8 12       		.byte	18
 738 02c9 0C       		.byte	12
 739 02ca 14       		.byte	20
 740 02cb 2F       		.byte	47
 741 02cc 15       		.byte	21
ARM GAS  C:\Users\iamna\AppData\Local\Temp\cczmFZIy.s 			page 14


 742 02cd 04       		.byte	4
 743 02ce 17       		.byte	23
 744 02cf 18       		.byte	24
 745 02d0 19       		.byte	25
 746 02d1 10       		.byte	16
 747 02d2 1A       		.byte	26
 748 02d3 03       		.byte	3
 749 02d4 1B       		.byte	27
 750 02d5 04       		.byte	4
 751 02d6 1C       		.byte	28
 752 02d7 2F       		.byte	47
 753 02d8 1D       		.byte	29
 754 02d9 08       		.byte	8
 755 02da 1F       		.byte	31
 756 02db 04       		.byte	4
 757 02dc 20       		.byte	32
 758 02dd 03       		.byte	3
 759 02de 21       		.byte	33
 760 02df 02       		.byte	2
 761 02e0 24       		.byte	36
 762 02e1 0C       		.byte	12
 763 02e2 25       		.byte	37
 764 02e3 1D       		.byte	29
 765 02e4 28       		.byte	40
 766 02e5 04       		.byte	4
 767 02e6 2B       		.byte	43
 768 02e7 02       		.byte	2
 769 02e8 2C       		.byte	44
 770 02e9 01       		.byte	1
 771 02ea 2F       		.byte	47
 772 02eb 02       		.byte	2
 773 02ec 30       		.byte	48
 774 02ed 0F       		.byte	15
 775 02ee 33       		.byte	51
 776 02ef 1C       		.byte	28
 777 02f0 34       		.byte	52
 778 02f1 10       		.byte	16
 779 02f2 35       		.byte	53
 780 02f3 01       		.byte	1
 781 02f4 36       		.byte	54
 782 02f5 20       		.byte	32
 783 02f6 37       		.byte	55
 784 02f7 02       		.byte	2
 785 02f8 3A       		.byte	58
 786 02f9 02       		.byte	2
 787 02fa 3E       		.byte	62
 788 02fb 50       		.byte	80
 789 02fc 3F       		.byte	63
 790 02fd 40       		.byte	64
 791 02fe 56       		.byte	86
 792 02ff 02       		.byte	2
 793 0300 57       		.byte	87
 794 0301 13       		.byte	19
 795 0302 58       		.byte	88
 796 0303 04       		.byte	4
 797 0304 59       		.byte	89
 798 0305 04       		.byte	4
ARM GAS  C:\Users\iamna\AppData\Local\Temp\cczmFZIy.s 			page 15


 799 0306 5B       		.byte	91
 800 0307 04       		.byte	4
 801 0308 5C       		.byte	92
 802 0309 11       		.byte	17
 803 030a 5D       		.byte	93
 804 030b 10       		.byte	16
 805 030c 5F       		.byte	95
 806 030d 01       		.byte	1
 807 030e 85       		.byte	-123
 808 030f 03       		.byte	3
 809 0310 89       		.byte	-119
 810 0311 02       		.byte	2
 811 0312 8D       		.byte	-115
 812 0313 03       		.byte	3
 813 0314 97       		.byte	-105
 814 0315 01       		.byte	1
 815 0316 B3       		.byte	-77
 816 0317 03       		.byte	3
 817 0318 B9       		.byte	-71
 818 0319 08       		.byte	8
 819 031a BF       		.byte	-65
 820 031b 04       		.byte	4
 821 031c C0       		.byte	-64
 822 031d 03       		.byte	3
 823 031e C5       		.byte	-59
 824 031f 04       		.byte	4
 825 0320 C9       		.byte	-55
 826 0321 FF       		.byte	-1
 827 0322 CA       		.byte	-54
 828 0323 07       		.byte	7
 829 0324 CB       		.byte	-53
 830 0325 FF       		.byte	-1
 831 0326 CC       		.byte	-52
 832 0327 40       		.byte	64
 833 0328 CD       		.byte	-51
 834 0329 20       		.byte	32
 835 032a CE       		.byte	-50
 836 032b F0       		.byte	-16
 837 032c CF       		.byte	-49
 838 032d 05       		.byte	5
 839 032e D0       		.byte	-48
 840 032f 08       		.byte	8
 841 0330 D9       		.byte	-39
 842 0331 04       		.byte	4
 843 0332 DA       		.byte	-38
 844 0333 04       		.byte	4
 845 0334 DD       		.byte	-35
 846 0335 01       		.byte	1
 847 0336 DF       		.byte	-33
 848 0337 01       		.byte	1
 849 0338 E0       		.byte	-32
 850 0339 40       		.byte	64
 851 033a E1       		.byte	-31
 852 033b A8       		.byte	-88
 853 033c E2       		.byte	-30
 854 033d 40       		.byte	64
 855 033e E3       		.byte	-29
ARM GAS  C:\Users\iamna\AppData\Local\Temp\cczmFZIy.s 			page 16


 856 033f 20       		.byte	32
 857 0340 05       		.byte	5
 858 0341 32       		.byte	50
 859 0342 06       		.byte	6
 860 0343 01       		.byte	1
 861 0344 07       		.byte	7
 862 0345 10       		.byte	16
 863 0346 0D       		.byte	13
 864 0347 20       		.byte	32
 865 0348 0E       		.byte	14
 866 0349 62       		.byte	98
 867 034a 0F       		.byte	15
 868 034b 20       		.byte	32
 869 034c 16       		.byte	22
 870 034d 6A       		.byte	106
 871 034e 1C       		.byte	28
 872 034f 40       		.byte	64
 873 0350 1D       		.byte	29
 874 0351 02       		.byte	2
 875 0352 1E       		.byte	30
 876 0353 49       		.byte	73
 877 0354 20       		.byte	32
 878 0355 10       		.byte	16
 879 0356 25       		.byte	37
 880 0357 20       		.byte	32
 881 0358 26       		.byte	38
 882 0359 48       		.byte	72
 883 035a 2C       		.byte	44
 884 035b 0A       		.byte	10
 885 035c 2E       		.byte	46
 886 035d 04       		.byte	4
 887 035e 2F       		.byte	47
 888 035f 40       		.byte	64
 889 0360 30       		.byte	48
 890 0361 08       		.byte	8
 891 0362 35       		.byte	53
 892 0363 40       		.byte	64
 893 0364 36       		.byte	54
 894 0365 08       		.byte	8
 895 0366 37       		.byte	55
 896 0367 11       		.byte	17
 897 0368 38       		.byte	56
 898 0369 24       		.byte	36
 899 036a 3B       		.byte	59
 900 036b 80       		.byte	-128
 901 036c 3C       		.byte	60
 902 036d 04       		.byte	4
 903 036e 3D       		.byte	61
 904 036f 10       		.byte	16
 905 0370 3F       		.byte	63
 906 0371 80       		.byte	-128
 907 0372 40       		.byte	64
 908 0373 10       		.byte	16
 909 0374 48       		.byte	72
 910 0375 10       		.byte	16
 911 0376 4A       		.byte	74
 912 0377 20       		.byte	32
ARM GAS  C:\Users\iamna\AppData\Local\Temp\cczmFZIy.s 			page 17


 913 0378 50       		.byte	80
 914 0379 08       		.byte	8
 915 037a 5E       		.byte	94
 916 037b 01       		.byte	1
 917 037c 61       		.byte	97
 918 037d 20       		.byte	32
 919 037e 63       		.byte	99
 920 037f 04       		.byte	4
 921 0380 6D       		.byte	109
 922 0381 10       		.byte	16
 923 0382 6E       		.byte	110
 924 0383 04       		.byte	4
 925 0384 6F       		.byte	111
 926 0385 01       		.byte	1
 927 0386 74       		.byte	116
 928 0387 20       		.byte	32
 929 0388 75       		.byte	117
 930 0389 80       		.byte	-128
 931 038a 76       		.byte	118
 932 038b 29       		.byte	41
 933 038c 8A       		.byte	-118
 934 038d 48       		.byte	72
 935 038e 90       		.byte	-112
 936 038f 24       		.byte	36
 937 0390 93       		.byte	-109
 938 0391 80       		.byte	-128
 939 0392 94       		.byte	-108
 940 0393 41       		.byte	65
 941 0394 97       		.byte	-105
 942 0395 04       		.byte	4
 943 0396 99       		.byte	-103
 944 0397 02       		.byte	2
 945 0398 9C       		.byte	-100
 946 0399 42       		.byte	66
 947 039a 9D       		.byte	-99
 948 039b A0       		.byte	-96
 949 039c 9E       		.byte	-98
 950 039d A8       		.byte	-88
 951 039e A0       		.byte	-96
 952 039f 80       		.byte	-128
 953 03a0 A2       		.byte	-94
 954 03a1 11       		.byte	17
 955 03a2 A3       		.byte	-93
 956 03a3 42       		.byte	66
 957 03a4 A4       		.byte	-92
 958 03a5 1A       		.byte	26
 959 03a6 A6       		.byte	-90
 960 03a7 20       		.byte	32
 961 03a8 C0       		.byte	-64
 962 03a9 F0       		.byte	-16
 963 03aa C2       		.byte	-62
 964 03ab F0       		.byte	-16
 965 03ac C4       		.byte	-60
 966 03ad F0       		.byte	-16
 967 03ae CA       		.byte	-54
 968 03af F0       		.byte	-16
 969 03b0 CC       		.byte	-52
ARM GAS  C:\Users\iamna\AppData\Local\Temp\cczmFZIy.s 			page 18


 970 03b1 F2       		.byte	-14
 971 03b2 CE       		.byte	-50
 972 03b3 7E       		.byte	126
 973 03b4 D0       		.byte	-48
 974 03b5 02       		.byte	2
 975 03b6 D6       		.byte	-42
 976 03b7 80       		.byte	-128
 977 03b8 E8       		.byte	-24
 978 03b9 40       		.byte	64
 979 03ba 11       		.byte	17
 980 03bb 01       		.byte	1
 981 03bc 35       		.byte	53
 982 03bd 01       		.byte	1
 983 03be 3F       		.byte	63
 984 03bf 10       		.byte	16
 985 03c0 59       		.byte	89
 986 03c1 04       		.byte	4
 987 03c2 5F       		.byte	95
 988 03c3 01       		.byte	1
 989 03c4 04       		.byte	4
 990 03c5 02       		.byte	2
 991 03c6 05       		.byte	5
 992 03c7 11       		.byte	17
 993 03c8 06       		.byte	6
 994 03c9 21       		.byte	33
 995 03ca 0C       		.byte	12
 996 03cb 22       		.byte	34
 997 03cc 0E       		.byte	14
 998 03cd 03       		.byte	3
 999 03ce 0F       		.byte	15
 1000 03cf 20       		.byte	32
 1001 03d0 16       		.byte	22
 1002 03d1 4A       		.byte	74
 1003 03d2 17       		.byte	23
 1004 03d3 04       		.byte	4
 1005 03d4 1C       		.byte	28
 1006 03d5 10       		.byte	16
 1007 03d6 1D       		.byte	29
 1008 03d7 11       		.byte	17
 1009 03d8 1F       		.byte	31
 1010 03d9 10       		.byte	16
 1011 03da 22       		.byte	34
 1012 03db 20       		.byte	32
 1013 03dc 24       		.byte	36
 1014 03dd 01       		.byte	1
 1015 03de 27       		.byte	39
 1016 03df 54       		.byte	84
 1017 03e0 2C       		.byte	44
 1018 03e1 04       		.byte	4
 1019 03e2 2E       		.byte	46
 1020 03e3 41       		.byte	65
 1021 03e4 2F       		.byte	47
 1022 03e5 10       		.byte	16
 1023 03e6 33       		.byte	51
 1024 03e7 02       		.byte	2
 1025 03e8 34       		.byte	52
 1026 03e9 80       		.byte	-128
ARM GAS  C:\Users\iamna\AppData\Local\Temp\cczmFZIy.s 			page 19


 1027 03ea 36       		.byte	54
 1028 03eb 08       		.byte	8
 1029 03ec 37       		.byte	55
 1030 03ed 10       		.byte	16
 1031 03ee 3D       		.byte	61
 1032 03ef 10       		.byte	16
 1033 03f0 3E       		.byte	62
 1034 03f1 06       		.byte	6
 1035 03f2 44       		.byte	68
 1036 03f3 04       		.byte	4
 1037 03f4 45       		.byte	69
 1038 03f5 22       		.byte	34
 1039 03f6 46       		.byte	70
 1040 03f7 48       		.byte	72
 1041 03f8 47       		.byte	71
 1042 03f9 40       		.byte	64
 1043 03fa 4C       		.byte	76
 1044 03fb 01       		.byte	1
 1045 03fc 4F       		.byte	79
 1046 03fd 20       		.byte	32
 1047 03fe 54       		.byte	84
 1048 03ff 02       		.byte	2
 1049 0400 56       		.byte	86
 1050 0401 80       		.byte	-128
 1051 0402 5D       		.byte	93
 1052 0403 02       		.byte	2
 1053 0404 5E       		.byte	94
 1054 0405 88       		.byte	-120
 1055 0406 5F       		.byte	95
 1056 0407 10       		.byte	16
 1057 0408 80       		.byte	-128
 1058 0409 12       		.byte	18
 1059 040a 86       		.byte	-122
 1060 040b 20       		.byte	32
 1061 040c 89       		.byte	-119
 1062 040d 40       		.byte	64
 1063 040e 8A       		.byte	-118
 1064 040f 02       		.byte	2
 1065 0410 8C       		.byte	-116
 1066 0411 80       		.byte	-128
 1067 0412 8F       		.byte	-113
 1068 0413 10       		.byte	16
 1069 0414 91       		.byte	-111
 1070 0415 10       		.byte	16
 1071 0416 92       		.byte	-110
 1072 0417 44       		.byte	68
 1073 0418 93       		.byte	-109
 1074 0419 10       		.byte	16
 1075 041a 94       		.byte	-108
 1076 041b 01       		.byte	1
 1077 041c 99       		.byte	-103
 1078 041d 02       		.byte	2
 1079 041e 9A       		.byte	-102
 1080 041f 21       		.byte	33
 1081 0420 9C       		.byte	-100
 1082 0421 02       		.byte	2
 1083 0422 9D       		.byte	-99
ARM GAS  C:\Users\iamna\AppData\Local\Temp\cczmFZIy.s 			page 20


 1084 0423 50       		.byte	80
 1085 0424 9E       		.byte	-98
 1086 0425 82       		.byte	-126
 1087 0426 9F       		.byte	-97
 1088 0427 10       		.byte	16
 1089 0428 A0       		.byte	-96
 1090 0429 20       		.byte	32
 1091 042a A1       		.byte	-95
 1092 042b 22       		.byte	34
 1093 042c A2       		.byte	-94
 1094 042d 4D       		.byte	77
 1095 042e A3       		.byte	-93
 1096 042f 12       		.byte	18
 1097 0430 AC       		.byte	-84
 1098 0431 C0       		.byte	-64
 1099 0432 AF       		.byte	-81
 1100 0433 10       		.byte	16
 1101 0434 B4       		.byte	-76
 1102 0435 12       		.byte	18
 1103 0436 C0       		.byte	-64
 1104 0437 F0       		.byte	-16
 1105 0438 C2       		.byte	-62
 1106 0439 F0       		.byte	-16
 1107 043a C4       		.byte	-60
 1108 043b F0       		.byte	-16
 1109 043c CA       		.byte	-54
 1110 043d F0       		.byte	-16
 1111 043e CC       		.byte	-52
 1112 043f 71       		.byte	113
 1113 0440 CE       		.byte	-50
 1114 0441 E0       		.byte	-32
 1115 0442 D0       		.byte	-48
 1116 0443 B0       		.byte	-80
 1117 0444 D2       		.byte	-46
 1118 0445 30       		.byte	48
 1119 0446 D6       		.byte	-42
 1120 0447 F0       		.byte	-16
 1121 0448 E4       		.byte	-28
 1122 0449 02       		.byte	2
 1123 044a EC       		.byte	-20
 1124 044b 10       		.byte	16
 1125 044c 33       		.byte	51
 1126 044d 80       		.byte	-128
 1127 044e 37       		.byte	55
 1128 044f 80       		.byte	-128
 1129 0450 CC       		.byte	-52
 1130 0451 30       		.byte	48
 1131 0452 9F       		.byte	-97
 1132 0453 80       		.byte	-128
 1133 0454 A7       		.byte	-89
 1134 0455 80       		.byte	-128
 1135 0456 87       		.byte	-121
 1136 0457 80       		.byte	-128
 1137 0458 9F       		.byte	-97
 1138 0459 80       		.byte	-128
 1139 045a A7       		.byte	-89
 1140 045b 80       		.byte	-128
ARM GAS  C:\Users\iamna\AppData\Local\Temp\cczmFZIy.s 			page 21


 1141 045c E6       		.byte	-26
 1142 045d 10       		.byte	16
 1143 045e 12       		.byte	18
 1144 045f 08       		.byte	8
 1145 0460 13       		.byte	19
 1146 0461 80       		.byte	-128
 1147 0462 9F       		.byte	-97
 1148 0463 80       		.byte	-128
 1149 0464 C4       		.byte	-60
 1150 0465 40       		.byte	64
 1151 0466 7C       		.byte	124
 1152 0467 20       		.byte	32
 1153 0468 DE       		.byte	-34
 1154 0469 01       		.byte	1
 1155 046a 9C       		.byte	-100
 1156 046b 20       		.byte	32
 1157 046c 45       		.byte	69
 1158 046d 08       		.byte	8
 1159 046e 9C       		.byte	-100
 1160 046f 20       		.byte	32
 1161 0470 D0       		.byte	-48
 1162 0471 01       		.byte	1
 1163 0472 9C       		.byte	-100
 1164 0473 20       		.byte	32
 1165 0474 A5       		.byte	-91
 1166 0475 08       		.byte	8
 1167 0476 25       		.byte	37
 1168 0477 10       		.byte	16
 1169 0478 29       		.byte	41
 1170 0479 02       		.byte	2
 1171 047a A2       		.byte	-94
 1172 047b 08       		.byte	8
 1173 047c C8       		.byte	-56
 1174 047d 20       		.byte	32
 1175 047e CA       		.byte	-54
 1176 047f 40       		.byte	64
 1177 0480 36       		.byte	54
 1178 0481 08       		.byte	8
 1179 0482 A2       		.byte	-94
 1180 0483 08       		.byte	8
 1181 0484 AD       		.byte	-83
 1182 0485 02       		.byte	2
 1183 0486 B5       		.byte	-75
 1184 0487 10       		.byte	16
 1185 0488 CC       		.byte	-52
 1186 0489 80       		.byte	-128
 1187 048a EC       		.byte	-20
 1188 048b 10       		.byte	16
 1189 048c A5       		.byte	-91
 1190 048d 08       		.byte	8
 1191 048e B4       		.byte	-76
 1192 048f 20       		.byte	32
 1193 0490 E8       		.byte	-24
 1194 0491 02       		.byte	2
 1195 0492 10       		.byte	16
 1196 0493 40       		.byte	64
 1197 0494 74       		.byte	116
ARM GAS  C:\Users\iamna\AppData\Local\Temp\cczmFZIy.s 			page 22


 1198 0495 04       		.byte	4
 1199 0496 84       		.byte	-124
 1200 0497 04       		.byte	4
 1201 0498 88       		.byte	-120
 1202 0499 40       		.byte	64
 1203 049a B5       		.byte	-75
 1204 049b 08       		.byte	8
 1205 049c C4       		.byte	-60
 1206 049d 08       		.byte	8
 1207 049e DE       		.byte	-34
 1208 049f 04       		.byte	4
 1209 04a0 E2       		.byte	-30
 1210 04a1 01       		.byte	1
 1211 04a2 EC       		.byte	-20
 1212 04a3 08       		.byte	8
 1213 04a4 00       		.byte	0
 1214 04a5 02       		.byte	2
 1215 04a6 01       		.byte	1
 1216 04a7 01       		.byte	1
 1217 04a8 0C       		.byte	12
 1218 04a9 02       		.byte	2
 1219 04aa 0D       		.byte	13
 1220 04ab 01       		.byte	1
 1221 04ac 10       		.byte	16
 1222 04ad 02       		.byte	2
 1223 04ae 1C       		.byte	28
 1224 04af 02       		.byte	2
 1225 04b0 00       		.byte	0
 1226 04b1 0B       		.byte	11
 1227 04b2 07       		.byte	7
 1228 04b3 0C       		.byte	12
 1229 04b4 80       		.byte	-128
 1230 04b5 80       		.byte	-128
 1231 04b6 00       		.byte	0
 1232 04b7 00       		.byte	0
 1233 04b8 40       		.byte	64
 1234 04b9 00       		.byte	0
 1235 04ba 00       		.byte	0
 1236 04bb 00       		.byte	0
 1237 04bc 00       		.byte	0
 1238 04bd 21       		.byte	33
 1239 04be 40       		.byte	64
 1240 04bf 1A       		.byte	26
 1241 04c0 18       		.byte	24
 1242 04c1 03       		.byte	3
 1243 04c2 00       		.byte	0
 1244 04c3 00       		.byte	0
 1245 04c4 3C       		.byte	60
 1246 04c5 03       		.byte	3
 1247 04c6 02       		.byte	2
 1248 04c7 00       		.byte	0
 1249 04c8 10       		.byte	16
 1250 04c9 00       		.byte	0
 1251 04ca 00       		.byte	0
 1252 04cb 00       		.byte	0
 1253 04cc 00       		.byte	0
 1254 04cd 00       		.byte	0
ARM GAS  C:\Users\iamna\AppData\Local\Temp\cczmFZIy.s 			page 23


 1255 04ce 40       		.byte	64
 1256 04cf 00       		.byte	0
 1257 04d0 3F       		.byte	63
 1258 04d1 60       		.byte	96
 1259 04d2 00       		.byte	0
 1260 04d3 04       		.byte	4
 1261 04d4 08       		.byte	8
 1262 04d5 42       		.byte	66
 1263 04d6 00       		.byte	0
 1264 04d7 09       		.byte	9
 1265 04d8 1C       		.byte	28
 1266 04d9 60       		.byte	96
 1267 04da 21       		.byte	33
 1268 04db 00       		.byte	0
 1269 04dc 27       		.byte	39
 1270 04dd 00       		.byte	0
 1271 04de 18       		.byte	24
 1272 04df 60       		.byte	96
 1273 04e0 00       		.byte	0
 1274 04e1 00       		.byte	0
 1275 04e2 04       		.byte	4
 1276 04e3 60       		.byte	96
 1277 04e4 00       		.byte	0
 1278 04e5 00       		.byte	0
 1279 04e6 23       		.byte	35
 1280 04e7 60       		.byte	96
 1281 04e8 04       		.byte	4
 1282 04e9 60       		.byte	96
 1283 04ea 00       		.byte	0
 1284 04eb 00       		.byte	0
 1285 04ec 38       		.byte	56
 1286 04ed 0C       		.byte	12
 1287 04ee 40       		.byte	64
 1288 04ef 03       		.byte	3
 1289 04f0 1F       		.byte	31
 1290 04f1 10       		.byte	16
 1291 04f2 00       		.byte	0
 1292 04f3 60       		.byte	96
 1293 04f4 00       		.byte	0
 1294 04f5 00       		.byte	0
 1295 04f6 20       		.byte	32
 1296 04f7 00       		.byte	0
 1297 04f8 00       		.byte	0
 1298 04f9 00       		.byte	0
 1299 04fa 04       		.byte	4
 1300 04fb 01       		.byte	1
 1301 04fc 42       		.byte	66
 1302 04fd 06       		.byte	6
 1303 04fe 05       		.byte	5
 1304 04ff 00       		.byte	0
 1305 0500 01       		.byte	1
 1306 0501 00       		.byte	0
 1307 0502 0E       		.byte	14
 1308 0503 C0       		.byte	-64
 1309 0504 24       		.byte	36
 1310 0505 FF       		.byte	-1
 1311 0506 FF       		.byte	-1
ARM GAS  C:\Users\iamna\AppData\Local\Temp\cczmFZIy.s 			page 24


 1312 0507 FF       		.byte	-1
 1313 0508 62       		.byte	98
 1314 0509 A0       		.byte	-96
 1315 050a F0       		.byte	-16
 1316 050b 41       		.byte	65
 1317 050c 0C       		.byte	12
 1318 050d 00       		.byte	0
 1319 050e 00       		.byte	0
 1320 050f 00       		.byte	0
 1321 0510 01       		.byte	1
 1322 0511 00       		.byte	0
 1323 0512 00       		.byte	0
 1324 0513 00       		.byte	0
 1325 0514 04       		.byte	4
 1326 0515 04       		.byte	4
 1327 0516 04       		.byte	4
 1328 0517 04       		.byte	4
 1329 0518 11       		.byte	17
 1330 0519 11       		.byte	17
 1331 051a 00       		.byte	0
 1332 051b 01       		.byte	1
 1333 051c 00       		.byte	0
 1334 051d 00       		.byte	0
 1335 051e 00       		.byte	0
 1336 051f 00       		.byte	0
 1337 0520 00       		.byte	0
 1338 0521 00       		.byte	0
 1339 0522 40       		.byte	64
 1340 0523 02       		.byte	2
 1341 0524 00       		.byte	0
 1342 0525 10       		.byte	16
 1343 0526 30       		.byte	48
 1344 0527 10       		.byte	16
 1345 0528 00       		.byte	0
 1346 0529 10       		.byte	16
 1347 052a 10       		.byte	16
 1348 052b 12       		.byte	18
 1349 052c 00       		.byte	0
 1350 052d 00       		.byte	0
 1351 052e 00       		.byte	0
 1352 052f 00       		.byte	0
 1353 0530 00       		.byte	0
 1354 0531 00       		.byte	0
 1355 0532 00       		.byte	0
 1356 0533 00       		.byte	0
 1357 0534 00       		.byte	0
 1358 0535 00       		.byte	0
 1359 0536 00       		.byte	0
 1360 0537 00       		.byte	0
 1361 0538 00       		.byte	0
 1362 0539 00       		.byte	0
 1363 053a 00       		.byte	0
 1364 053b 00       		.byte	0
 1365 053c 00       		.byte	0
 1366 053d 00       		.byte	0
 1367 053e 00       		.byte	0
 1368 053f 00       		.byte	0
ARM GAS  C:\Users\iamna\AppData\Local\Temp\cczmFZIy.s 			page 25


 1369 0540 00       		.byte	0
 1370 0541 00       		.byte	0
 1371 0542 01       		.byte	1
 1372 0543 00       		.byte	0
 1373 0544 80       		.byte	-128
 1374 0545 00       		.byte	0
 1375 0546 40       		.byte	64
 1376 0547 80       		.byte	-128
 1377 0548 80       		.byte	-128
 1378 0549 00       		.byte	0
 1379 054a 80       		.byte	-128
 1380 054b 00       		.byte	0
 1381 054c 00       		.byte	0
 1382 054d 00       		.byte	0
 1383 054e 00       		.byte	0
 1384 054f 00       		.byte	0
 1385 0550 00       		.byte	0
 1386 0551 0B       		.byte	11
 1387 0552 0B       		.byte	11
 1388 0553 00       		.byte	0
 1389 0554 00       		.byte	0
 1390 0555 00       		.byte	0
 1391 0556 00       		.byte	0
 1392 0557 00       		.byte	0
 1393 0558 40       		.byte	64
 1394 0559 00       		.byte	0
 1395 055a 00       		.byte	0
 1396 055b 40       		.byte	64
 1397 055c 00       		.byte	0
 1398 055d 00       		.byte	0
 1399 055e 00       		.byte	0
 1400 055f 00       		.byte	0
 1401 0560 00       		.byte	0
 1402 0561 00       		.byte	0
 1403 0562 00       		.byte	0
 1404 0563 00       		.byte	0
 1405 0564 BB       		.byte	-69
 1406 0565 00       		.byte	0
 1407 0566 18       		.byte	24
 1408 0567 01       		.byte	1
 1409              		.global	cy_meta_custnvl
 1410              		.section	.cycustnvl,"a",%progbits
 1411              		.align	2
 1412              		.type	cy_meta_custnvl, %object
 1413              		.size	cy_meta_custnvl, 4
 1414              	cy_meta_custnvl:
 1415 0000 00       		.byte	0
 1416 0001 00       		.byte	0
 1417 0002 40       		.byte	64
 1418 0003 05       		.byte	5
 1419              		.global	cy_meta_wonvl
 1420              		.section	.cywolatch,"a",%progbits
 1421              		.align	2
 1422              		.type	cy_meta_wonvl, %object
 1423              		.size	cy_meta_wonvl, 4
 1424              	cy_meta_wonvl:
 1425 0000 BC       		.byte	-68
ARM GAS  C:\Users\iamna\AppData\Local\Temp\cczmFZIy.s 			page 26


 1426 0001 90       		.byte	-112
 1427 0002 AC       		.byte	-84
 1428 0003 AF       		.byte	-81
 1429              		.global	cy_meta_flashprotect
 1430              		.section	.cyflashprotect,"a",%progbits
 1431              		.align	2
 1432              		.type	cy_meta_flashprotect, %object
 1433              		.size	cy_meta_flashprotect, 256
 1434              	cy_meta_flashprotect:
 1435 0000 00000000 		.space	256
 1435      00000000 
 1435      00000000 
 1435      00000000 
 1435      00000000 
 1436              		.global	cy_metadata
 1437              		.section	.cymeta,"a",%progbits
 1438              		.align	2
 1439              		.type	cy_metadata, %object
 1440              		.size	cy_metadata, 12
 1441              	cy_metadata:
 1442 0000 00       		.byte	0
 1443 0001 01       		.byte	1
 1444 0002 2E       		.byte	46
 1445 0003 16       		.byte	22
 1446 0004 10       		.byte	16
 1447 0005 69       		.byte	105
 1448 0006 00       		.byte	0
 1449 0007 01       		.byte	1
 1450 0008 00       		.byte	0
 1451 0009 00       		.byte	0
 1452 000a 00       		.byte	0
 1453 000b 00       		.byte	0
 1454              		.text
 1455              	.Letext0:
 1456              		.file 1 "c:\\program files (x86)\\cypress\\psoc creator\\4.4\\psoc creator\\import\\gnu\\arm\\5.4.
 1457              		.file 2 "c:\\program files (x86)\\cypress\\psoc creator\\4.4\\psoc creator\\import\\gnu\\arm\\5.4.
 1458              		.file 3 "Generated_Source\\PSoC5\\cymetadata.c"
 1459              		.section	.debug_info,"",%progbits
 1460              	.Ldebug_info0:
 1461 0000 32010000 		.4byte	0x132
 1462 0004 0400     		.2byte	0x4
 1463 0006 00000000 		.4byte	.Ldebug_abbrev0
 1464 000a 04       		.byte	0x4
 1465 000b 01       		.uleb128 0x1
 1466 000c 0A000000 		.4byte	.LASF17
 1467 0010 0C       		.byte	0xc
 1468 0011 CE010000 		.4byte	.LASF18
 1469 0015 A4000000 		.4byte	.LASF19
 1470 0019 00000000 		.4byte	.Ldebug_line0
 1471 001d 02       		.uleb128 0x2
 1472 001e 01       		.byte	0x1
 1473 001f 06       		.byte	0x6
 1474 0020 C2010000 		.4byte	.LASF0
 1475 0024 03       		.uleb128 0x3
 1476 0025 00000000 		.4byte	.LASF9
 1477 0029 01       		.byte	0x1
 1478 002a 1D       		.byte	0x1d
ARM GAS  C:\Users\iamna\AppData\Local\Temp\cczmFZIy.s 			page 27


 1479 002b 2F000000 		.4byte	0x2f
 1480 002f 02       		.uleb128 0x2
 1481 0030 01       		.byte	0x1
 1482 0031 08       		.byte	0x8
 1483 0032 F4000000 		.4byte	.LASF1
 1484 0036 02       		.uleb128 0x2
 1485 0037 02       		.byte	0x2
 1486 0038 05       		.byte	0x5
 1487 0039 AF010000 		.4byte	.LASF2
 1488 003d 02       		.uleb128 0x2
 1489 003e 02       		.byte	0x2
 1490 003f 07       		.byte	0x7
 1491 0040 14010000 		.4byte	.LASF3
 1492 0044 02       		.uleb128 0x2
 1493 0045 04       		.byte	0x4
 1494 0046 05       		.byte	0x5
 1495 0047 B9010000 		.4byte	.LASF4
 1496 004b 02       		.uleb128 0x2
 1497 004c 04       		.byte	0x4
 1498 004d 07       		.byte	0x7
 1499 004e 02010000 		.4byte	.LASF5
 1500 0052 02       		.uleb128 0x2
 1501 0053 08       		.byte	0x8
 1502 0054 05       		.byte	0x5
 1503 0055 A1010000 		.4byte	.LASF6
 1504 0059 02       		.uleb128 0x2
 1505 005a 08       		.byte	0x8
 1506 005b 07       		.byte	0x7
 1507 005c 56010000 		.4byte	.LASF7
 1508 0060 04       		.uleb128 0x4
 1509 0061 04       		.byte	0x4
 1510 0062 05       		.byte	0x5
 1511 0063 696E7400 		.ascii	"int\000"
 1512 0067 02       		.uleb128 0x2
 1513 0068 04       		.byte	0x4
 1514 0069 07       		.byte	0x7
 1515 006a 49010000 		.4byte	.LASF8
 1516 006e 03       		.uleb128 0x3
 1517 006f 6D010000 		.4byte	.LASF10
 1518 0073 02       		.byte	0x2
 1519 0074 18       		.byte	0x18
 1520 0075 24000000 		.4byte	0x24
 1521 0079 05       		.uleb128 0x5
 1522 007a 91000000 		.4byte	0x91
 1523 007e 8A000000 		.4byte	0x8a
 1524 0082 06       		.uleb128 0x6
 1525 0083 8A000000 		.4byte	0x8a
 1526 0087 6705     		.2byte	0x567
 1527 0089 00       		.byte	0
 1528 008a 02       		.uleb128 0x2
 1529 008b 04       		.byte	0x4
 1530 008c 07       		.byte	0x7
 1531 008d 98010000 		.4byte	.LASF11
 1532 0091 07       		.uleb128 0x7
 1533 0092 6E000000 		.4byte	0x6e
 1534 0096 08       		.uleb128 0x8
 1535 0097 37010000 		.4byte	.LASF12
ARM GAS  C:\Users\iamna\AppData\Local\Temp\cczmFZIy.s 			page 28


 1536 009b 03       		.byte	0x3
 1537 009c 1F       		.byte	0x1f
 1538 009d A7000000 		.4byte	0xa7
 1539 00a1 05       		.uleb128 0x5
 1540 00a2 03       		.byte	0x3
 1541 00a3 00000000 		.4byte	cy_meta_configecc
 1542 00a7 07       		.uleb128 0x7
 1543 00a8 79000000 		.4byte	0x79
 1544 00ac 05       		.uleb128 0x5
 1545 00ad 91000000 		.4byte	0x91
 1546 00b1 BC000000 		.4byte	0xbc
 1547 00b5 09       		.uleb128 0x9
 1548 00b6 8A000000 		.4byte	0x8a
 1549 00ba 03       		.byte	0x3
 1550 00bb 00       		.byte	0
 1551 00bc 08       		.uleb128 0x8
 1552 00bd 27010000 		.4byte	.LASF13
 1553 00c1 03       		.byte	0x3
 1554 00c2 D9       		.byte	0xd9
 1555 00c3 CD000000 		.4byte	0xcd
 1556 00c7 05       		.uleb128 0x5
 1557 00c8 03       		.byte	0x3
 1558 00c9 00000000 		.4byte	cy_meta_custnvl
 1559 00cd 07       		.uleb128 0x7
 1560 00ce AC000000 		.4byte	0xac
 1561 00d2 08       		.uleb128 0x8
 1562 00d3 8A010000 		.4byte	.LASF14
 1563 00d7 03       		.byte	0x3
 1564 00d8 E7       		.byte	0xe7
 1565 00d9 E3000000 		.4byte	0xe3
 1566 00dd 05       		.uleb128 0x5
 1567 00de 03       		.byte	0x3
 1568 00df 00000000 		.4byte	cy_meta_wonvl
 1569 00e3 07       		.uleb128 0x7
 1570 00e4 AC000000 		.4byte	0xac
 1571 00e8 05       		.uleb128 0x5
 1572 00e9 91000000 		.4byte	0x91
 1573 00ed F8000000 		.4byte	0xf8
 1574 00f1 09       		.uleb128 0x9
 1575 00f2 8A000000 		.4byte	0x8a
 1576 00f6 FF       		.byte	0xff
 1577 00f7 00       		.byte	0
 1578 00f8 08       		.uleb128 0x8
 1579 00f9 75010000 		.4byte	.LASF15
 1580 00fd 03       		.byte	0x3
 1581 00fe F5       		.byte	0xf5
 1582 00ff 09010000 		.4byte	0x109
 1583 0103 05       		.uleb128 0x5
 1584 0104 03       		.byte	0x3
 1585 0105 00000000 		.4byte	cy_meta_flashprotect
 1586 0109 07       		.uleb128 0x7
 1587 010a E8000000 		.4byte	0xe8
 1588 010e 05       		.uleb128 0x5
 1589 010f 91000000 		.4byte	0x91
 1590 0113 1E010000 		.4byte	0x11e
 1591 0117 09       		.uleb128 0x9
 1592 0118 8A000000 		.4byte	0x8a
ARM GAS  C:\Users\iamna\AppData\Local\Temp\cczmFZIy.s 			page 29


 1593 011c 0B       		.byte	0xb
 1594 011d 00       		.byte	0
 1595 011e 0A       		.uleb128 0xa
 1596 011f 98000000 		.4byte	.LASF16
 1597 0123 03       		.byte	0x3
 1598 0124 2201     		.2byte	0x122
 1599 0126 30010000 		.4byte	0x130
 1600 012a 05       		.uleb128 0x5
 1601 012b 03       		.byte	0x3
 1602 012c 00000000 		.4byte	cy_metadata
 1603 0130 07       		.uleb128 0x7
 1604 0131 0E010000 		.4byte	0x10e
 1605 0135 00       		.byte	0
 1606              		.section	.debug_abbrev,"",%progbits
 1607              	.Ldebug_abbrev0:
 1608 0000 01       		.uleb128 0x1
 1609 0001 11       		.uleb128 0x11
 1610 0002 01       		.byte	0x1
 1611 0003 25       		.uleb128 0x25
 1612 0004 0E       		.uleb128 0xe
 1613 0005 13       		.uleb128 0x13
 1614 0006 0B       		.uleb128 0xb
 1615 0007 03       		.uleb128 0x3
 1616 0008 0E       		.uleb128 0xe
 1617 0009 1B       		.uleb128 0x1b
 1618 000a 0E       		.uleb128 0xe
 1619 000b 10       		.uleb128 0x10
 1620 000c 17       		.uleb128 0x17
 1621 000d 00       		.byte	0
 1622 000e 00       		.byte	0
 1623 000f 02       		.uleb128 0x2
 1624 0010 24       		.uleb128 0x24
 1625 0011 00       		.byte	0
 1626 0012 0B       		.uleb128 0xb
 1627 0013 0B       		.uleb128 0xb
 1628 0014 3E       		.uleb128 0x3e
 1629 0015 0B       		.uleb128 0xb
 1630 0016 03       		.uleb128 0x3
 1631 0017 0E       		.uleb128 0xe
 1632 0018 00       		.byte	0
 1633 0019 00       		.byte	0
 1634 001a 03       		.uleb128 0x3
 1635 001b 16       		.uleb128 0x16
 1636 001c 00       		.byte	0
 1637 001d 03       		.uleb128 0x3
 1638 001e 0E       		.uleb128 0xe
 1639 001f 3A       		.uleb128 0x3a
 1640 0020 0B       		.uleb128 0xb
 1641 0021 3B       		.uleb128 0x3b
 1642 0022 0B       		.uleb128 0xb
 1643 0023 49       		.uleb128 0x49
 1644 0024 13       		.uleb128 0x13
 1645 0025 00       		.byte	0
 1646 0026 00       		.byte	0
 1647 0027 04       		.uleb128 0x4
 1648 0028 24       		.uleb128 0x24
 1649 0029 00       		.byte	0
ARM GAS  C:\Users\iamna\AppData\Local\Temp\cczmFZIy.s 			page 30


 1650 002a 0B       		.uleb128 0xb
 1651 002b 0B       		.uleb128 0xb
 1652 002c 3E       		.uleb128 0x3e
 1653 002d 0B       		.uleb128 0xb
 1654 002e 03       		.uleb128 0x3
 1655 002f 08       		.uleb128 0x8
 1656 0030 00       		.byte	0
 1657 0031 00       		.byte	0
 1658 0032 05       		.uleb128 0x5
 1659 0033 01       		.uleb128 0x1
 1660 0034 01       		.byte	0x1
 1661 0035 49       		.uleb128 0x49
 1662 0036 13       		.uleb128 0x13
 1663 0037 01       		.uleb128 0x1
 1664 0038 13       		.uleb128 0x13
 1665 0039 00       		.byte	0
 1666 003a 00       		.byte	0
 1667 003b 06       		.uleb128 0x6
 1668 003c 21       		.uleb128 0x21
 1669 003d 00       		.byte	0
 1670 003e 49       		.uleb128 0x49
 1671 003f 13       		.uleb128 0x13
 1672 0040 2F       		.uleb128 0x2f
 1673 0041 05       		.uleb128 0x5
 1674 0042 00       		.byte	0
 1675 0043 00       		.byte	0
 1676 0044 07       		.uleb128 0x7
 1677 0045 26       		.uleb128 0x26
 1678 0046 00       		.byte	0
 1679 0047 49       		.uleb128 0x49
 1680 0048 13       		.uleb128 0x13
 1681 0049 00       		.byte	0
 1682 004a 00       		.byte	0
 1683 004b 08       		.uleb128 0x8
 1684 004c 34       		.uleb128 0x34
 1685 004d 00       		.byte	0
 1686 004e 03       		.uleb128 0x3
 1687 004f 0E       		.uleb128 0xe
 1688 0050 3A       		.uleb128 0x3a
 1689 0051 0B       		.uleb128 0xb
 1690 0052 3B       		.uleb128 0x3b
 1691 0053 0B       		.uleb128 0xb
 1692 0054 49       		.uleb128 0x49
 1693 0055 13       		.uleb128 0x13
 1694 0056 3F       		.uleb128 0x3f
 1695 0057 19       		.uleb128 0x19
 1696 0058 02       		.uleb128 0x2
 1697 0059 18       		.uleb128 0x18
 1698 005a 00       		.byte	0
 1699 005b 00       		.byte	0
 1700 005c 09       		.uleb128 0x9
 1701 005d 21       		.uleb128 0x21
 1702 005e 00       		.byte	0
 1703 005f 49       		.uleb128 0x49
 1704 0060 13       		.uleb128 0x13
 1705 0061 2F       		.uleb128 0x2f
 1706 0062 0B       		.uleb128 0xb
ARM GAS  C:\Users\iamna\AppData\Local\Temp\cczmFZIy.s 			page 31


 1707 0063 00       		.byte	0
 1708 0064 00       		.byte	0
 1709 0065 0A       		.uleb128 0xa
 1710 0066 34       		.uleb128 0x34
 1711 0067 00       		.byte	0
 1712 0068 03       		.uleb128 0x3
 1713 0069 0E       		.uleb128 0xe
 1714 006a 3A       		.uleb128 0x3a
 1715 006b 0B       		.uleb128 0xb
 1716 006c 3B       		.uleb128 0x3b
 1717 006d 05       		.uleb128 0x5
 1718 006e 49       		.uleb128 0x49
 1719 006f 13       		.uleb128 0x13
 1720 0070 3F       		.uleb128 0x3f
 1721 0071 19       		.uleb128 0x19
 1722 0072 02       		.uleb128 0x2
 1723 0073 18       		.uleb128 0x18
 1724 0074 00       		.byte	0
 1725 0075 00       		.byte	0
 1726 0076 00       		.byte	0
 1727              		.section	.debug_aranges,"",%progbits
 1728 0000 14000000 		.4byte	0x14
 1729 0004 0200     		.2byte	0x2
 1730 0006 00000000 		.4byte	.Ldebug_info0
 1731 000a 04       		.byte	0x4
 1732 000b 00       		.byte	0
 1733 000c 0000     		.2byte	0
 1734 000e 0000     		.2byte	0
 1735 0010 00000000 		.4byte	0
 1736 0014 00000000 		.4byte	0
 1737              		.section	.debug_line,"",%progbits
 1738              	.Ldebug_line0:
 1739 0000 3D010000 		.section	.debug_str,"MS",%progbits,1
 1739      02003701 
 1739      00000201 
 1739      FB0E0D00 
 1739      01010101 
 1740              	.LASF9:
 1741 0000 5F5F7569 		.ascii	"__uint8_t\000"
 1741      6E74385F 
 1741      7400
 1742              	.LASF17:
 1743 000a 474E5520 		.ascii	"GNU C11 5.4.1 20160609 (release) [ARM/embedded-5-br"
 1743      43313120 
 1743      352E342E 
 1743      31203230 
 1743      31363036 
 1744 003d 616E6368 		.ascii	"anch revision 237715] -mcpu=cortex-m3 -mthumb -g -O"
 1744      20726576 
 1744      6973696F 
 1744      6E203233 
 1744      37373135 
 1745 0070 30202D66 		.ascii	"0 -ffunction-sections -ffat-lto-objects\000"
 1745      66756E63 
 1745      74696F6E 
 1745      2D736563 
 1745      74696F6E 
ARM GAS  C:\Users\iamna\AppData\Local\Temp\cczmFZIy.s 			page 32


 1746              	.LASF16:
 1747 0098 63795F6D 		.ascii	"cy_metadata\000"
 1747      65746164 
 1747      61746100 
 1748              	.LASF19:
 1749 00a4 433A5C55 		.ascii	"C:\\Users\\iamna\\Documents\\PSoC Creator\\nadimaPS"
 1749      73657273 
 1749      5C69616D 
 1749      6E615C44 
 1749      6F63756D 
 1750 00d2 6F434F6E 		.ascii	"oCOneWire\\nadimaPSoCOneWire.cydsn\000"
 1750      65576972 
 1750      655C6E61 
 1750      64696D61 
 1750      50536F43 
 1751              	.LASF1:
 1752 00f4 756E7369 		.ascii	"unsigned char\000"
 1752      676E6564 
 1752      20636861 
 1752      7200
 1753              	.LASF5:
 1754 0102 6C6F6E67 		.ascii	"long unsigned int\000"
 1754      20756E73 
 1754      69676E65 
 1754      6420696E 
 1754      7400
 1755              	.LASF3:
 1756 0114 73686F72 		.ascii	"short unsigned int\000"
 1756      7420756E 
 1756      7369676E 
 1756      65642069 
 1756      6E7400
 1757              	.LASF13:
 1758 0127 63795F6D 		.ascii	"cy_meta_custnvl\000"
 1758      6574615F 
 1758      63757374 
 1758      6E766C00 
 1759              	.LASF12:
 1760 0137 63795F6D 		.ascii	"cy_meta_configecc\000"
 1760      6574615F 
 1760      636F6E66 
 1760      69676563 
 1760      6300
 1761              	.LASF8:
 1762 0149 756E7369 		.ascii	"unsigned int\000"
 1762      676E6564 
 1762      20696E74 
 1762      00
 1763              	.LASF7:
 1764 0156 6C6F6E67 		.ascii	"long long unsigned int\000"
 1764      206C6F6E 
 1764      6720756E 
 1764      7369676E 
 1764      65642069 
 1765              	.LASF10:
 1766 016d 75696E74 		.ascii	"uint8_t\000"
 1766      385F7400 
ARM GAS  C:\Users\iamna\AppData\Local\Temp\cczmFZIy.s 			page 33


 1767              	.LASF15:
 1768 0175 63795F6D 		.ascii	"cy_meta_flashprotect\000"
 1768      6574615F 
 1768      666C6173 
 1768      6870726F 
 1768      74656374 
 1769              	.LASF14:
 1770 018a 63795F6D 		.ascii	"cy_meta_wonvl\000"
 1770      6574615F 
 1770      776F6E76 
 1770      6C00
 1771              	.LASF11:
 1772 0198 73697A65 		.ascii	"sizetype\000"
 1772      74797065 
 1772      00
 1773              	.LASF6:
 1774 01a1 6C6F6E67 		.ascii	"long long int\000"
 1774      206C6F6E 
 1774      6720696E 
 1774      7400
 1775              	.LASF2:
 1776 01af 73686F72 		.ascii	"short int\000"
 1776      7420696E 
 1776      7400
 1777              	.LASF4:
 1778 01b9 6C6F6E67 		.ascii	"long int\000"
 1778      20696E74 
 1778      00
 1779              	.LASF0:
 1780 01c2 7369676E 		.ascii	"signed char\000"
 1780      65642063 
 1780      68617200 
 1781              	.LASF18:
 1782 01ce 47656E65 		.ascii	"Generated_Source\\PSoC5\\cymetadata.c\000"
 1782      72617465 
 1782      645F536F 
 1782      75726365 
 1782      5C50536F 
 1783              		.ident	"GCC: (GNU Tools for ARM Embedded Processors) 5.4.1 20160609 (release) [ARM/embedded-5-bran
