--------------- Build Started: 04/19/2024 16:24:41 Project: nadimaPSoCSPIandI2C, Configuration: ARM GCC 5.4-2016-q2-update Debug ---------------
cydsfit.exe -.appdatapath "C:\Users\iamna\AppData\Local\Cypress Semiconductor\PSoC Creator\4.4" -.fdsnotice -.fdswarpdepfile=warp_dependencies.txt -.fdselabdepfile=elab_dependencies.txt -.fdsbldfile=generated_files.txt -.fdsreffile=referenced_files.txt -p "C:\Users\iamna\Documents\PSoC Creator\nadimaPSoCSPIandI2C\nadimaPSoCSPIandI2C.cydsn\nadimaPSoCSPIandI2C.cyprj" -d CY8C5888LTI-LP097 -s "C:\Users\iamna\Documents\PSoC Creator\nadimaPSoCSPIandI2C\nadimaPSoCSPIandI2C.cydsn\Generated_Source\PSoC5" -- -yv2 -q10 -ygs -o2 -v3 -.fftcfgtype=LE
Elaborating Design...
HDL Generation...
Synthesis...
Tech Mapping...
ADD: pft.M0040: information: The following 1 pin(s) will be assigned a location by the fitter: RST_1(0)
Analog Placement...
Info: apr.M0002: Analog signal "\ADC_DelSig_1:Net_35\" is connected to one terminal only. (App=cydsfit)
Analog Routing...
Analog Code Generation...
Digital Placement...
Digital Routing...
Bitstream Generation...
Bitstream Verification...
Static timing analysis...
API Generation...
Dependency Generation...
Cleanup...
--------------- Build Skipped: 04/19/2024 16:24:56 ---------------
