--------------- Build Started: 05/15/2024 04:10:21 Project: DAQ-Pi-Pico, Configuration: ARM GCC 5.4-2016-q2-update Debug ---------------
cydsfit.exe -.appdatapath "C:\Users\iamna\AppData\Local\Cypress Semiconductor\PSoC Creator\4.4" -.fdsnotice -.fdswarpdepfile=warp_dependencies.txt -.fdselabdepfile=elab_dependencies.txt -.fdsbldfile=generated_files.txt -.fdsreffile=referenced_files.txt -p "C:\Users\iamna\Documents\PSoC Creator\DAQ-Pi-Pico\DAQ-Pi-Pico.cydsn\DAQ-Pi-Pico.cyprj" -d CY8C5888LTI-LP097 -s "C:\Users\iamna\Documents\PSoC Creator\DAQ-Pi-Pico\DAQ-Pi-Pico.cydsn\Generated_Source\PSoC5" -- -yv2 -q10 -ygs -o2 -v3 -.fftcfgtype=LE
Elaborating Design...
ADD: sdb.M0065: information: Analog terminal "vdac_ref" on ADC_SAR_SEQ_v2_10 is unconnected.
 * C:\Program Files (x86)\Cypress\PSoC Creator\4.4\PSoC Creator\psoc\content\CyComponentLibrary\CyComponentLibrary.cylib\ADC_SAR_SEQ_v2_10\PSoC5\ADC_SAR_SEQ_v2_10.cysch (Signal: vdac_ref)
 * C:\Program Files (x86)\Cypress\PSoC Creator\4.4\PSoC Creator\psoc\content\CyComponentLibrary\CyComponentLibrary.cylib\ADC_SAR_SEQ_v2_10\PSoC5\ADC_SAR_SEQ_v2_10.cysch (Shape_798)
 * C:\Program Files (x86)\Cypress\PSoC Creator\4.4\PSoC Creator\psoc\content\CyComponentLibrary\CyComponentLibrary.cylib\ADC_SAR_SEQ_v2_10\PSoC5\ADC_SAR_SEQ_v2_10.cysch (Shape_885)
HDL Generation...
Synthesis...
Tech Mapping...
Analog Placement...
Info: apr.M0002: Analog signal "Net_24" is connected to one terminal only. (App=cydsfit)
Info: apr.M0002: Analog signal "Net_26" is connected to one terminal only. (App=cydsfit)
Info: apr.M0002: Analog signal "Net_27" is connected to one terminal only. (App=cydsfit)
Info: apr.M0002: Analog signal "Net_29" is connected to one terminal only. (App=cydsfit)
Info: apr.M0002: Analog signal "Net_31" is connected to one terminal only. (App=cydsfit)
Info: apr.M0002: Analog signal "Net_32" is connected to one terminal only. (App=cydsfit)
Info: apr.M0002: Analog signal "Net_34" is connected to one terminal only. (App=cydsfit)
Info: apr.M0002: Analog signal "Net_36" is connected to one terminal only. (App=cydsfit)
Info: apr.M0002: Analog signal "Net_37" is connected to one terminal only. (App=cydsfit)
Info: apr.M0002: Analog signal "Net_39" is connected to one terminal only. (App=cydsfit)
Info: apr.M0002: Analog signal "Net_41" is connected to one terminal only. (App=cydsfit)
Info: apr.M0002: Analog signal "Net_42" is connected to one terminal only. (App=cydsfit)
Info: apr.M0002: Analog signal "Net_44" is connected to one terminal only. (App=cydsfit)
Info: apr.M0002: Analog signal "Net_46" is connected to one terminal only. (App=cydsfit)
Info: apr.M0002: Analog signal "Net_47" is connected to one terminal only. (App=cydsfit)
Info: apr.M0002: Analog signal "Net_49" is connected to one terminal only. (App=cydsfit)
Info: apr.M0002: Analog signal "Net_51" is connected to one terminal only. (App=cydsfit)
Info: apr.M0002: Analog signal "Net_52" is connected to one terminal only. (App=cydsfit)
Info: apr.M0002: Analog signal "Net_54" is connected to one terminal only. (App=cydsfit)
Info: apr.M0002: Analog signal "Net_56" is connected to one terminal only. (App=cydsfit)
Info: apr.M0002: Analog signal "Net_57" is connected to one terminal only. (App=cydsfit)
Info: apr.M0002: Analog signal "Net_59" is connected to one terminal only. (App=cydsfit)
Info: apr.M0002: Analog signal "Net_61" is connected to one terminal only. (App=cydsfit)
Info: apr.M0002: Analog signal "Net_62" is connected to one terminal only. (App=cydsfit)
Info: apr.M0002: Analog signal "Net_64" is connected to one terminal only. (App=cydsfit)
Info: apr.M0002: Analog signal "Net_66" is connected to one terminal only. (App=cydsfit)
Info: apr.M0002: Analog signal "Net_67" is connected to one terminal only. (App=cydsfit)
Info: apr.M0002: Analog signal "Net_69" is connected to one terminal only. (App=cydsfit)
Info: apr.M0002: Analog signal "Net_71" is connected to one terminal only. (App=cydsfit)
Info: apr.M0002: Analog signal "Net_72" is connected to one terminal only. (App=cydsfit)
Info: apr.M0002: Analog signal "Net_74" is connected to one terminal only. (App=cydsfit)
Info: apr.M0002: Analog signal "Net_76" is connected to one terminal only. (App=cydsfit)
Info: apr.M0002: Analog signal "Net_77" is connected to one terminal only. (App=cydsfit)
Info: apr.M0002: Analog signal "Net_79" is connected to one terminal only. (App=cydsfit)
Info: apr.M0002: Analog signal "Net_81" is connected to one terminal only. (App=cydsfit)
Info: apr.M0002: Analog signal "Net_82" is connected to one terminal only. (App=cydsfit)
Info: apr.M0002: Analog signal "Net_84" is connected to one terminal only. (App=cydsfit)
Info: apr.M0002: Analog signal "Net_86" is connected to one terminal only. (App=cydsfit)
Info: apr.M0002: Analog signal "Net_87" is connected to one terminal only. (App=cydsfit)
Info: apr.M0002: Analog signal "Net_89" is connected to one terminal only. (App=cydsfit)
Info: apr.M0002: Analog signal "Net_91" is connected to one terminal only. (App=cydsfit)
Info: apr.M0002: Analog signal "Net_92" is connected to one terminal only. (App=cydsfit)
Info: apr.M0002: Analog signal "Net_94" is connected to one terminal only. (App=cydsfit)
Info: apr.M0002: Analog signal "Net_96" is connected to one terminal only. (App=cydsfit)
Info: apr.M0002: Analog signal "Net_97" is connected to one terminal only. (App=cydsfit)
Info: apr.M0002: Analog signal "Net_98" is connected to one terminal only. (App=cydsfit)
Info: apr.M0002: Analog signal "Net_99" is connected to one terminal only. (App=cydsfit)
Info: apr.M0002: Analog signal "Net_100" is connected to one terminal only. (App=cydsfit)
Info: apr.M0002: Analog signal "Net_101" is connected to one terminal only. (App=cydsfit)
Info: apr.M0002: Analog signal "Net_102" is connected to one terminal only. (App=cydsfit)
Info: apr.M0002: Analog signal "Net_103" is connected to one terminal only. (App=cydsfit)
Info: apr.M0002: Analog signal "Net_104" is connected to one terminal only. (App=cydsfit)
Info: apr.M0002: Analog signal "Net_105" is connected to one terminal only. (App=cydsfit)
Info: apr.M0002: Analog signal "Net_106" is connected to one terminal only. (App=cydsfit)
Info: apr.M0002: Analog signal "Net_107" is connected to one terminal only. (App=cydsfit)
Info: apr.M0002: Analog signal "Net_108" is connected to one terminal only. (App=cydsfit)
Info: apr.M0002: Analog signal "Net_109" is connected to one terminal only. (App=cydsfit)
Info: apr.M0002: Analog signal "Net_110" is connected to one terminal only. (App=cydsfit)
Info: apr.M0002: Analog signal "Net_111" is connected to one terminal only. (App=cydsfit)
Info: apr.M0002: Analog signal "Net_112" is connected to one terminal only. (App=cydsfit)
Log: apr.M0058: The analog placement iterative improvement is 47% done. (App=cydsfit)
Analog Routing...
Analog Code Generation...
Digital Placement...
Digital Routing...
Bitstream Generation...
Bitstream Verification...
Static timing analysis...
API Generation...
Dependency Generation...
Cleanup...
--------------- Build Skipped: 05/15/2024 04:10:38 ---------------
